Error: Could not find a production build in the '.next' directory. Try building your app with 'next build' before starting the production server. https://nextjs.org/docs/messages/production-start-no-build-id
    at ignore-listed frames
Error: Could not find a production build in the '.next' directory. Try building your app with 'next build' before starting the production server. https://nextjs.org/docs/messages/production-start-no-build-id
    at ignore-listed frames
Error: Could not find a production build in the '.next' directory. Try building your app with 'next build' before starting the production server. https://nextjs.org/docs/messages/production-start-no-build-id
    at ignore-listed frames
Error: Could not find a production build in the '.next' directory. Try building your app with 'next build' before starting the production server. https://nextjs.org/docs/messages/production-start-no-build-id
    at ignore-listed frames
Error: Could not find a production build in the '.next' directory. Try building your app with 'next build' before starting the production server. https://nextjs.org/docs/messages/production-start-no-build-id
    at ignore-listed frames
Error: Could not find a production build in the '.next' directory. Try building your app with 'next build' before starting the production server. https://nextjs.org/docs/messages/production-start-no-build-id
    at ignore-listed frames
Error: Could not find a production build in the '.next' directory. Try building your app with 'next build' before starting the production server. https://nextjs.org/docs/messages/production-start-no-build-id
    at ignore-listed frames
Error: Could not find a production build in the '.next' directory. Try building your app with 'next build' before starting the production server. https://nextjs.org/docs/messages/production-start-no-build-id
    at ignore-listed frames
Error: Could not find a production build in the '.next' directory. Try building your app with 'next build' before starting the production server. https://nextjs.org/docs/messages/production-start-no-build-id
    at ignore-listed frames
Error: Could not find a production build in the '.next' directory. Try building your app with 'next build' before starting the production server. https://nextjs.org/docs/messages/production-start-no-build-id
    at ignore-listed frames
Error: Could not find a production build in the '.next' directory. Try building your app with 'next build' before starting the production server. https://nextjs.org/docs/messages/production-start-no-build-id
    at ignore-listed frames
Error: Could not find a production build in the '.next' directory. Try building your app with 'next build' before starting the production server. https://nextjs.org/docs/messages/production-start-no-build-id
    at ignore-listed frames
Error: Could not find a production build in the '.next' directory. Try building your app with 'next build' before starting the production server. https://nextjs.org/docs/messages/production-start-no-build-id
    at ignore-listed frames
Error: Could not find a production build in the '.next' directory. Try building your app with 'next build' before starting the production server. https://nextjs.org/docs/messages/production-start-no-build-id
    at ignore-listed frames
Error: Could not find a production build in the '.next' directory. Try building your app with 'next build' before starting the production server. https://nextjs.org/docs/messages/production-start-no-build-id
    at ignore-listed frames
Error: Could not find a production build in the '.next' directory. Try building your app with 'next build' before starting the production server. https://nextjs.org/docs/messages/production-start-no-build-id
    at ignore-listed frames
⚠ "next start" does not work with "output: standalone" configuration. Use "node .next/standalone/server.js" instead.
⚠ "next start" does not work with "output: standalone" configuration. Use "node .next/standalone/server.js" instead.
⚠ "next start" does not work with "output: standalone" configuration. Use "node .next/standalone/server.js" instead.
⚠ "next start" does not work with "output: standalone" configuration. Use "node .next/standalone/server.js" instead.
⚠ "next start" does not work with "output: standalone" configuration. Use "node .next/standalone/server.js" instead.
⚠ "next start" does not work with "output: standalone" configuration. Use "node .next/standalone/server.js" instead.
⚠ "next start" does not work with "output: standalone" configuration. Use "node .next/standalone/server.js" instead.
⚠ "next start" does not work with "output: standalone" configuration. Use "node .next/standalone/server.js" instead.
⚠ "next start" does not work with "output: standalone" configuration. Use "node .next/standalone/server.js" instead.
⚠ "next start" does not work with "output: standalone" configuration. Use "node .next/standalone/server.js" instead.
⚠ "next start" does not work with "output: standalone" configuration. Use "node .next/standalone/server.js" instead.
⚠ "next start" does not work with "output: standalone" configuration. Use "node .next/standalone/server.js" instead.
⚠ "next start" does not work with "output: standalone" configuration. Use "node .next/standalone/server.js" instead.
⚠ "next start" does not work with "output: standalone" configuration. Use "node .next/standalone/server.js" instead.
⚠ "next start" does not work with "output: standalone" configuration. Use "node .next/standalone/server.js" instead.
⚠ "next start" does not work with "output: standalone" configuration. Use "node .next/standalone/server.js" instead.
⚠ "next start" does not work with "output: standalone" configuration. Use "node .next/standalone/server.js" instead.
⚠ "next start" does not work with "output: standalone" configuration. Use "node .next/standalone/server.js" instead.
⚠ "next start" does not work with "output: standalone" configuration. Use "node .next/standalone/server.js" instead.
⚠ "next start" does not work with "output: standalone" configuration. Use "node .next/standalone/server.js" instead.
⚠ "next start" does not work with "output: standalone" configuration. Use "node .next/standalone/server.js" instead.
⚠ "next start" does not work with "output: standalone" configuration. Use "node .next/standalone/server.js" instead.
⚠ "next start" does not work with "output: standalone" configuration. Use "node .next/standalone/server.js" instead.
⚠ "next start" does not work with "output: standalone" configuration. Use "node .next/standalone/server.js" instead.
Error: Connection not available
    at R.createNoConnectionError (.next/server/chunks/[root-of-the-server]__0iyno00._.js:2:152287)
    at t (.next/server/chunks/[root-of-the-server]__0iyno00._.js:2:153516)
    at R.close (.next/server/chunks/[root-of-the-server]__0iyno00._.js:2:153584)
    at t.exports (.next/server/chunks/[root-of-the-server]__0iyno00._.js:2:89513)
    at R.run (.next/server/chunks/[root-of-the-server]__0iyno00._.js:2:164567)
    at R.logout (.next/server/chunks/[root-of-the-server]__0iyno00._.js:2:152196)
    at c (.next/server/chunks/[root-of-the-server]__0iyno00._.js:2:170299)
    at async (.next/server/chunks/_0n-c_n2._.js:1:7126)
    at async M (.next/server/chunks/_0n-c_n2._.js:1:7067) {
  code: 'NoConnection',
  authenticationFailed: true,
  response: false,
  _connId: '1k87x3mm90q3387tcimv'
}
⨯ unhandledRejection:  Error: Connection not available
    at R.createNoConnectionError (.next/server/chunks/[root-of-the-server]__0iyno00._.js:2:152287)
    at t (.next/server/chunks/[root-of-the-server]__0iyno00._.js:2:153516)
    at R.close (.next/server/chunks/[root-of-the-server]__0iyno00._.js:2:153584)
    at t.exports (.next/server/chunks/[root-of-the-server]__0iyno00._.js:2:89513)
    at R.run (.next/server/chunks/[root-of-the-server]__0iyno00._.js:2:164567)
    at R.logout (.next/server/chunks/[root-of-the-server]__0iyno00._.js:2:152196)
    at c (.next/server/chunks/[root-of-the-server]__0iyno00._.js:2:170299)
    at async (.next/server/chunks/_0n-c_n2._.js:1:7126)
    at async M (.next/server/chunks/_0n-c_n2._.js:1:7067) {
  code: 'NoConnection',
  authenticationFailed: true,
  response: false,
  _connId: '1k87x3mm90q3387tcimv'
}
⚠ "next start" does not work with "output: standalone" configuration. Use "node .next/standalone/server.js" instead.
⚠ "next start" does not work with "output: standalone" configuration. Use "node .next/standalone/server.js" instead.
Error: Could not find a production build in the '.next' directory. Try building your app with 'next build' before starting the production server. https://nextjs.org/docs/messages/production-start-no-build-id
    at ignore-listed frames
Error: Could not find a production build in the '.next' directory. Try building your app with 'next build' before starting the production server. https://nextjs.org/docs/messages/production-start-no-build-id
    at ignore-listed frames
Error: Could not find a production build in the '.next' directory. Try building your app with 'next build' before starting the production server. https://nextjs.org/docs/messages/production-start-no-build-id
    at ignore-listed frames
Error: Could not find a production build in the '.next' directory. Try building your app with 'next build' before starting the production server. https://nextjs.org/docs/messages/production-start-no-build-id
    at ignore-listed frames
Error: Could not find a production build in the '.next' directory. Try building your app with 'next build' before starting the production server. https://nextjs.org/docs/messages/production-start-no-build-id
    at ignore-listed frames
Error: Could not find a production build in the '.next' directory. Try building your app with 'next build' before starting the production server. https://nextjs.org/docs/messages/production-start-no-build-id
    at ignore-listed frames
Error: Could not find a production build in the '.next' directory. Try building your app with 'next build' before starting the production server. https://nextjs.org/docs/messages/production-start-no-build-id
    at ignore-listed frames
Error: Could not find a production build in the '.next' directory. Try building your app with 'next build' before starting the production server. https://nextjs.org/docs/messages/production-start-no-build-id
    at ignore-listed frames
Error: Could not find a production build in the '.next' directory. Try building your app with 'next build' before starting the production server. https://nextjs.org/docs/messages/production-start-no-build-id
    at ignore-listed frames
Error: Could not find a production build in the '.next' directory. Try building your app with 'next build' before starting the production server. https://nextjs.org/docs/messages/production-start-no-build-id
    at ignore-listed frames
Error: Could not find a production build in the '.next' directory. Try building your app with 'next build' before starting the production server. https://nextjs.org/docs/messages/production-start-no-build-id
    at ignore-listed frames
Error: Could not find a production build in the '.next' directory. Try building your app with 'next build' before starting the production server. https://nextjs.org/docs/messages/production-start-no-build-id
    at ignore-listed frames
Error: Could not find a production build in the '.next' directory. Try building your app with 'next build' before starting the production server. https://nextjs.org/docs/messages/production-start-no-build-id
    at ignore-listed frames
Error: Could not find a production build in the '.next' directory. Try building your app with 'next build' before starting the production server. https://nextjs.org/docs/messages/production-start-no-build-id
    at ignore-listed frames
Error: Could not find a production build in the '.next' directory. Try building your app with 'next build' before starting the production server. https://nextjs.org/docs/messages/production-start-no-build-id
    at ignore-listed frames
Error: Could not find a production build in the '.next' directory. Try building your app with 'next build' before starting the production server. https://nextjs.org/docs/messages/production-start-no-build-id
    at ignore-listed frames
⚠ "next start" does not work with "output: standalone" configuration. Use "node .next/standalone/server.js" instead.
Error: Could not find a production build in the '/Users/tuyen.tq/Documents/freelancer/vietminhglobal/app/.next' directory. Try building your app with 'next build' before starting the production server. https://nextjs.org/docs/messages/production-start-no-build-id
    at ignore-listed frames
Error: Could not find a production build in the '.next' directory. Try building your app with 'next build' before starting the production server. https://nextjs.org/docs/messages/production-start-no-build-id
    at ignore-listed frames
Error: Could not find a production build in the '.next' directory. Try building your app with 'next build' before starting the production server. https://nextjs.org/docs/messages/production-start-no-build-id
    at ignore-listed frames
Error: Could not find a production build in the '.next' directory. Try building your app with 'next build' before starting the production server. https://nextjs.org/docs/messages/production-start-no-build-id
    at ignore-listed frames
Error: Could not find a production build in the '.next' directory. Try building your app with 'next build' before starting the production server. https://nextjs.org/docs/messages/production-start-no-build-id
    at ignore-listed frames
Error: Could not find a production build in the '.next' directory. Try building your app with 'next build' before starting the production server. https://nextjs.org/docs/messages/production-start-no-build-id
    at ignore-listed frames
Error: Could not find a production build in the '.next' directory. Try building your app with 'next build' before starting the production server. https://nextjs.org/docs/messages/production-start-no-build-id
    at ignore-listed frames
Error: Could not find a production build in the '.next' directory. Try building your app with 'next build' before starting the production server. https://nextjs.org/docs/messages/production-start-no-build-id
    at ignore-listed frames
Error: Could not find a production build in the '.next' directory. Try building your app with 'next build' before starting the production server. https://nextjs.org/docs/messages/production-start-no-build-id
    at ignore-listed frames
Error: Could not find a production build in the '.next' directory. Try building your app with 'next build' before starting the production server. https://nextjs.org/docs/messages/production-start-no-build-id
    at ignore-listed frames
Error: Could not find a production build in the '.next' directory. Try building your app with 'next build' before starting the production server. https://nextjs.org/docs/messages/production-start-no-build-id
    at ignore-listed frames
Error: Could not find a production build in the '.next' directory. Try building your app with 'next build' before starting the production server. https://nextjs.org/docs/messages/production-start-no-build-id
    at ignore-listed frames
Error: Could not find a production build in the '.next' directory. Try building your app with 'next build' before starting the production server. https://nextjs.org/docs/messages/production-start-no-build-id
    at ignore-listed frames
Error: Could not find a production build in the '.next' directory. Try building your app with 'next build' before starting the production server. https://nextjs.org/docs/messages/production-start-no-build-id
    at ignore-listed frames
Error: Could not find a production build in the '.next' directory. Try building your app with 'next build' before starting the production server. https://nextjs.org/docs/messages/production-start-no-build-id
    at ignore-listed frames
Error: Could not find a production build in the '.next' directory. Try building your app with 'next build' before starting the production server. https://nextjs.org/docs/messages/production-start-no-build-id
    at ignore-listed frames
⚠ "next start" does not work with "output: standalone" configuration. Use "node .next/standalone/server.js" instead.
node:internal/modules/cjs/loader:1228
  throw err;
  ^

Error: Cannot find module '/Users/tuyen.tq/Documents/freelancer/vietminhglobal/app/.next/standalone/server.js'
    at Module._resolveFilename (node:internal/modules/cjs/loader:1225:15)
    at Module._load (node:internal/modules/cjs/loader:1051:27)
    at Function.executeUserEntryPoint [as runMain] (node:internal/modules/run_main:173:12)
    at node:internal/main/run_main_module:28:49 {
  code: 'MODULE_NOT_FOUND',
  requireStack: []
}

Node.js v20.18.1
node:internal/modules/cjs/loader:1228
  throw err;
  ^

Error: Cannot find module '/Users/tuyen.tq/Documents/freelancer/vietminhglobal/app/.next/standalone/server.js'
    at Module._resolveFilename (node:internal/modules/cjs/loader:1225:15)
    at Module._load (node:internal/modules/cjs/loader:1051:27)
    at Function.executeUserEntryPoint [as runMain] (node:internal/modules/run_main:173:12)
    at node:internal/main/run_main_module:28:49 {
  code: 'MODULE_NOT_FOUND',
  requireStack: []
}

Node.js v20.18.1
node:internal/modules/cjs/loader:1228
  throw err;
  ^

Error: Cannot find module '/Users/tuyen.tq/Documents/freelancer/vietminhglobal/app/.next/standalone/server.js'
    at Module._resolveFilename (node:internal/modules/cjs/loader:1225:15)
    at Module._load (node:internal/modules/cjs/loader:1051:27)
    at Function.executeUserEntryPoint [as runMain] (node:internal/modules/run_main:173:12)
    at node:internal/main/run_main_module:28:49 {
  code: 'MODULE_NOT_FOUND',
  requireStack: []
}

Node.js v20.18.1
node:internal/modules/cjs/loader:1228
  throw err;
  ^

Error: Cannot find module '/Users/tuyen.tq/Documents/freelancer/vietminhglobal/app/.next/standalone/server.js'
    at Module._resolveFilename (node:internal/modules/cjs/loader:1225:15)
    at Module._load (node:internal/modules/cjs/loader:1051:27)
    at Function.executeUserEntryPoint [as runMain] (node:internal/modules/run_main:173:12)
    at node:internal/main/run_main_module:28:49 {
  code: 'MODULE_NOT_FOUND',
  requireStack: []
}

Node.js v20.18.1
node:internal/modules/cjs/loader:1228
  throw err;
  ^

Error: Cannot find module '/Users/tuyen.tq/Documents/freelancer/vietminhglobal/app/.next/standalone/server.js'
    at Module._resolveFilename (node:internal/modules/cjs/loader:1225:15)
    at Module._load (node:internal/modules/cjs/loader:1051:27)
    at Function.executeUserEntryPoint [as runMain] (node:internal/modules/run_main:173:12)
    at node:internal/main/run_main_module:28:49 {
  code: 'MODULE_NOT_FOUND',
  requireStack: []
}

Node.js v20.18.1
node:internal/modules/cjs/loader:1228
  throw err;
  ^

Error: Cannot find module '/Users/tuyen.tq/Documents/freelancer/vietminhglobal/app/.next/standalone/server.js'
    at Module._resolveFilename (node:internal/modules/cjs/loader:1225:15)
    at Module._load (node:internal/modules/cjs/loader:1051:27)
    at Function.executeUserEntryPoint [as runMain] (node:internal/modules/run_main:173:12)
    at node:internal/main/run_main_module:28:49 {
  code: 'MODULE_NOT_FOUND',
  requireStack: []
}

Node.js v20.18.1
node:internal/modules/cjs/loader:1228
  throw err;
  ^

Error: Cannot find module '/Users/tuyen.tq/Documents/freelancer/vietminhglobal/app/.next/standalone/server.js'
    at Module._resolveFilename (node:internal/modules/cjs/loader:1225:15)
    at Module._load (node:internal/modules/cjs/loader:1051:27)
    at Function.executeUserEntryPoint [as runMain] (node:internal/modules/run_main:173:12)
    at node:internal/main/run_main_module:28:49 {
  code: 'MODULE_NOT_FOUND',
  requireStack: []
}

Node.js v20.18.1
node:internal/modules/cjs/loader:1228
  throw err;
  ^

Error: Cannot find module '/Users/tuyen.tq/Documents/freelancer/vietminhglobal/app/.next/standalone/server.js'
    at Module._resolveFilename (node:internal/modules/cjs/loader:1225:15)
    at Module._load (node:internal/modules/cjs/loader:1051:27)
    at Function.executeUserEntryPoint [as runMain] (node:internal/modules/run_main:173:12)
    at node:internal/main/run_main_module:28:49 {
  code: 'MODULE_NOT_FOUND',
  requireStack: []
}

Node.js v20.18.1
node:internal/modules/cjs/loader:1228
  throw err;
  ^

Error: Cannot find module '/Users/tuyen.tq/Documents/freelancer/vietminhglobal/app/.next/standalone/server.js'
    at Module._resolveFilename (node:internal/modules/cjs/loader:1225:15)
    at Module._load (node:internal/modules/cjs/loader:1051:27)
    at Function.executeUserEntryPoint [as runMain] (node:internal/modules/run_main:173:12)
    at node:internal/main/run_main_module:28:49 {
  code: 'MODULE_NOT_FOUND',
  requireStack: []
}

Node.js v20.18.1
node:internal/modules/cjs/loader:1228
  throw err;
  ^

Error: Cannot find module '/Users/tuyen.tq/Documents/freelancer/vietminhglobal/app/.next/standalone/server.js'
    at Module._resolveFilename (node:internal/modules/cjs/loader:1225:15)
    at Module._load (node:internal/modules/cjs/loader:1051:27)
    at Function.executeUserEntryPoint [as runMain] (node:internal/modules/run_main:173:12)
    at node:internal/main/run_main_module:28:49 {
  code: 'MODULE_NOT_FOUND',
  requireStack: []
}

Node.js v20.18.1
node:internal/modules/cjs/loader:1228
  throw err;
  ^

Error: Cannot find module '/Users/tuyen.tq/Documents/freelancer/vietminhglobal/app/.next/standalone/server.js'
    at Module._resolveFilename (node:internal/modules/cjs/loader:1225:15)
    at Module._load (node:internal/modules/cjs/loader:1051:27)
    at Function.executeUserEntryPoint [as runMain] (node:internal/modules/run_main:173:12)
    at node:internal/main/run_main_module:28:49 {
  code: 'MODULE_NOT_FOUND',
  requireStack: []
}

Node.js v20.18.1
node:internal/modules/cjs/loader:1228
  throw err;
  ^

Error: Cannot find module '/Users/tuyen.tq/Documents/freelancer/vietminhglobal/app/.next/standalone/server.js'
    at Module._resolveFilename (node:internal/modules/cjs/loader:1225:15)
    at Module._load (node:internal/modules/cjs/loader:1051:27)
    at Function.executeUserEntryPoint [as runMain] (node:internal/modules/run_main:173:12)
    at node:internal/main/run_main_module:28:49 {
  code: 'MODULE_NOT_FOUND',
  requireStack: []
}

Node.js v20.18.1
node:internal/modules/cjs/loader:1228
  throw err;
  ^

Error: Cannot find module '/Users/tuyen.tq/Documents/freelancer/vietminhglobal/app/.next/standalone/server.js'
    at Module._resolveFilename (node:internal/modules/cjs/loader:1225:15)
    at Module._load (node:internal/modules/cjs/loader:1051:27)
    at Function.executeUserEntryPoint [as runMain] (node:internal/modules/run_main:173:12)
    at node:internal/main/run_main_module:28:49 {
  code: 'MODULE_NOT_FOUND',
  requireStack: []
}

Node.js v20.18.1
node:internal/modules/cjs/loader:1228
  throw err;
  ^

Error: Cannot find module '/Users/tuyen.tq/Documents/freelancer/vietminhglobal/app/.next/standalone/server.js'
    at Module._resolveFilename (node:internal/modules/cjs/loader:1225:15)
    at Module._load (node:internal/modules/cjs/loader:1051:27)
    at Function.executeUserEntryPoint [as runMain] (node:internal/modules/run_main:173:12)
    at node:internal/main/run_main_module:28:49 {
  code: 'MODULE_NOT_FOUND',
  requireStack: []
}

Node.js v20.18.1
node:internal/modules/cjs/loader:1228
  throw err;
  ^

Error: Cannot find module '/Users/tuyen.tq/Documents/freelancer/vietminhglobal/app/.next/standalone/server.js'
    at Module._resolveFilename (node:internal/modules/cjs/loader:1225:15)
    at Module._load (node:internal/modules/cjs/loader:1051:27)
    at Function.executeUserEntryPoint [as runMain] (node:internal/modules/run_main:173:12)
    at node:internal/main/run_main_module:28:49 {
  code: 'MODULE_NOT_FOUND',
  requireStack: []
}

Node.js v20.18.1
node:internal/modules/cjs/loader:1228
  throw err;
  ^

Error: Cannot find module '/Users/tuyen.tq/Documents/freelancer/vietminhglobal/app/.next/standalone/server.js'
    at Module._resolveFilename (node:internal/modules/cjs/loader:1225:15)
    at Module._load (node:internal/modules/cjs/loader:1051:27)
    at Function.executeUserEntryPoint [as runMain] (node:internal/modules/run_main:173:12)
    at node:internal/main/run_main_module:28:49 {
  code: 'MODULE_NOT_FOUND',
  requireStack: []
}

Node.js v20.18.1
Failed to prepare server Error: An error occurred while loading instrumentation hook: Failed to load external module sharp-03c9e6d01f648d5d: Error: Cannot find module './resize'
Require stack:
- /Users/tuyen.tq/Documents/freelancer/vietminhglobal/app/.next/standalone/node_modules/.pnpm/sharp@0.34.5/node_modules/sharp/lib/index.js
- /Users/tuyen.tq/Documents/freelancer/vietminhglobal/app/.next/standalone/.next/server/chunks/[externals]__0km8yf_._.js
- /Users/tuyen.tq/Documents/freelancer/vietminhglobal/app/.next/standalone/.next/server/chunks/[turbopack]_runtime.js
- /Users/tuyen.tq/Documents/freelancer/vietminhglobal/app/.next/standalone/.next/server/instrumentation.js
- /Users/tuyen.tq/Documents/freelancer/vietminhglobal/app/.next/standalone/node_modules/.pnpm/next@16.2.4_react-dom@19.2.4_react@19.2.4__react@19.2.4/node_modules/next/dist/server/lib/router-utils/instrumentation-globals.external.js
- /Users/tuyen.tq/Documents/freelancer/vietminhglobal/app/.next/standalone/node_modules/.pnpm/next@16.2.4_react-dom@19.2.4_react@19.2.4__react@19.2.4/node_modules/next/dist/server/next-server.js
- /Users/tuyen.tq/Documents/freelancer/vietminhglobal/app/.next/standalone/node_modules/.pnpm/next@16.2.4_react-dom@19.2.4_react@19.2.4__react@19.2.4/node_modules/next/dist/server/next.js
- /Users/tuyen.tq/Documents/freelancer/vietminhglobal/app/.next/standalone/server.js
    at Context.externalRequire [as x] (.next/server/chunks/[turbopack]_runtime.js:624:15)
    at module evaluation (.next/server/chunks/[externals]__0km8yf_._.js:1:1833)
    at instantiateModule (.next/server/chunks/[turbopack]_runtime.js:853:9)
    at getOrInstantiateModuleFromParent (.next/server/chunks/[turbopack]_runtime.js:877:12)
    at Context.esmImport [as i] (.next/server/chunks/[turbopack]_runtime.js:281:20)
    at <unknown> (.next/server/chunks/src_lib_0rqt~bg._.js:52:1283)
    at Context.asyncModule [as a] (.next/server/chunks/[turbopack]_runtime.js:525:5)
    at module evaluation (.next/server/chunks/src_lib_0rqt~bg._.js:52:1203)
    at instantiateModule (.next/server/chunks/[turbopack]_runtime.js:853:9)
    at getOrInstantiateModuleFromParent (.next/server/chunks/[turbopack]_runtime.js:877:12)
Error: An error occurred while loading instrumentation hook: Failed to load external module sharp-03c9e6d01f648d5d: Error: Cannot find module './resize'
Require stack:
- /Users/tuyen.tq/Documents/freelancer/vietminhglobal/app/.next/standalone/node_modules/.pnpm/sharp@0.34.5/node_modules/sharp/lib/index.js
- /Users/tuyen.tq/Documents/freelancer/vietminhglobal/app/.next/standalone/.next/server/chunks/[externals]__0km8yf_._.js
- /Users/tuyen.tq/Documents/freelancer/vietminhglobal/app/.next/standalone/.next/server/chunks/[turbopack]_runtime.js
- /Users/tuyen.tq/Documents/freelancer/vietminhglobal/app/.next/standalone/.next/server/instrumentation.js
- /Users/tuyen.tq/Documents/freelancer/vietminhglobal/app/.next/standalone/node_modules/.pnpm/next@16.2.4_react-dom@19.2.4_react@19.2.4__react@19.2.4/node_modules/next/dist/server/lib/router-utils/instrumentation-globals.external.js
- /Users/tuyen.tq/Documents/freelancer/vietminhglobal/app/.next/standalone/node_modules/.pnpm/next@16.2.4_react-dom@19.2.4_react@19.2.4__react@19.2.4/node_modules/next/dist/server/next-server.js
- /Users/tuyen.tq/Documents/freelancer/vietminhglobal/app/.next/standalone/node_modules/.pnpm/next@16.2.4_react-dom@19.2.4_react@19.2.4__react@19.2.4/node_modules/next/dist/server/next.js
- /Users/tuyen.tq/Documents/freelancer/vietminhglobal/app/.next/standalone/server.js
    at Context.externalRequire [as x] (.next/server/chunks/[turbopack]_runtime.js:624:15)
    at module evaluation (.next/server/chunks/[externals]__0km8yf_._.js:1:1833)
    at instantiateModule (.next/server/chunks/[turbopack]_runtime.js:853:9)
    at getOrInstantiateModuleFromParent (.next/server/chunks/[turbopack]_runtime.js:877:12)
    at Context.esmImport [as i] (.next/server/chunks/[turbopack]_runtime.js:281:20)
    at <unknown> (.next/server/chunks/src_lib_0rqt~bg._.js:52:1283)
    at Context.asyncModule [as a] (.next/server/chunks/[turbopack]_runtime.js:525:5)
    at module evaluation (.next/server/chunks/src_lib_0rqt~bg._.js:52:1203)
    at instantiateModule (.next/server/chunks/[turbopack]_runtime.js:853:9)
    at getOrInstantiateModuleFromParent (.next/server/chunks/[turbopack]_runtime.js:877:12)
⨯ unhandledRejection:  Error: An error occurred while loading instrumentation hook: Failed to load external module sharp-03c9e6d01f648d5d: Error: Cannot find module './resize'
Require stack:
- /Users/tuyen.tq/Documents/freelancer/vietminhglobal/app/.next/standalone/node_modules/.pnpm/sharp@0.34.5/node_modules/sharp/lib/index.js
- /Users/tuyen.tq/Documents/freelancer/vietminhglobal/app/.next/standalone/.next/server/chunks/[externals]__0km8yf_._.js
- /Users/tuyen.tq/Documents/freelancer/vietminhglobal/app/.next/standalone/.next/server/chunks/[turbopack]_runtime.js
- /Users/tuyen.tq/Documents/freelancer/vietminhglobal/app/.next/standalone/.next/server/instrumentation.js
- /Users/tuyen.tq/Documents/freelancer/vietminhglobal/app/.next/standalone/node_modules/.pnpm/next@16.2.4_react-dom@19.2.4_react@19.2.4__react@19.2.4/node_modules/next/dist/server/lib/router-utils/instrumentation-globals.external.js
- /Users/tuyen.tq/Documents/freelancer/vietminhglobal/app/.next/standalone/node_modules/.pnpm/next@16.2.4_react-dom@19.2.4_react@19.2.4__react@19.2.4/node_modules/next/dist/server/next-server.js
- /Users/tuyen.tq/Documents/freelancer/vietminhglobal/app/.next/standalone/node_modules/.pnpm/next@16.2.4_react-dom@19.2.4_react@19.2.4__react@19.2.4/node_modules/next/dist/server/next.js
- /Users/tuyen.tq/Documents/freelancer/vietminhglobal/app/.next/standalone/server.js
    at Context.externalRequire [as x] (.next/server/chunks/[turbopack]_runtime.js:624:15)
    at module evaluation (.next/server/chunks/[externals]__0km8yf_._.js:1:1833)
    at instantiateModule (.next/server/chunks/[turbopack]_runtime.js:853:9)
    at getOrInstantiateModuleFromParent (.next/server/chunks/[turbopack]_runtime.js:877:12)
    at Context.esmImport [as i] (.next/server/chunks/[turbopack]_runtime.js:281:20)
    at <unknown> (.next/server/chunks/src_lib_0rqt~bg._.js:52:1283)
    at Context.asyncModule [as a] (.next/server/chunks/[turbopack]_runtime.js:525:5)
    at module evaluation (.next/server/chunks/src_lib_0rqt~bg._.js:52:1203)
    at instantiateModule (.next/server/chunks/[turbopack]_runtime.js:853:9)
    at getOrInstantiateModuleFromParent (.next/server/chunks/[turbopack]_runtime.js:877:12)
Failed to prepare server Error: An error occurred while loading instrumentation hook: Failed to load external module sharp-03c9e6d01f648d5d: Error: Cannot find module './resize'
Require stack:
- /Users/tuyen.tq/Documents/freelancer/vietminhglobal/app/.next/standalone/node_modules/.pnpm/sharp@0.34.5/node_modules/sharp/lib/index.js
- /Users/tuyen.tq/Documents/freelancer/vietminhglobal/app/.next/standalone/.next/server/chunks/[externals]__0km8yf_._.js
- /Users/tuyen.tq/Documents/freelancer/vietminhglobal/app/.next/standalone/.next/server/chunks/[turbopack]_runtime.js
- /Users/tuyen.tq/Documents/freelancer/vietminhglobal/app/.next/standalone/.next/server/instrumentation.js
- /Users/tuyen.tq/Documents/freelancer/vietminhglobal/app/.next/standalone/node_modules/.pnpm/next@16.2.4_react-dom@19.2.4_react@19.2.4__react@19.2.4/node_modules/next/dist/server/lib/router-utils/instrumentation-globals.external.js
- /Users/tuyen.tq/Documents/freelancer/vietminhglobal/app/.next/standalone/node_modules/.pnpm/next@16.2.4_react-dom@19.2.4_react@19.2.4__react@19.2.4/node_modules/next/dist/server/next-server.js
- /Users/tuyen.tq/Documents/freelancer/vietminhglobal/app/.next/standalone/node_modules/.pnpm/next@16.2.4_react-dom@19.2.4_react@19.2.4__react@19.2.4/node_modules/next/dist/server/next.js
- /Users/tuyen.tq/Documents/freelancer/vietminhglobal/app/.next/standalone/server.js
    at Context.externalRequire [as x] (.next/server/chunks/[turbopack]_runtime.js:624:15)
    at module evaluation (.next/server/chunks/[externals]__0km8yf_._.js:1:1833)
    at instantiateModule (.next/server/chunks/[turbopack]_runtime.js:853:9)
    at getOrInstantiateModuleFromParent (.next/server/chunks/[turbopack]_runtime.js:877:12)
    at Context.esmImport [as i] (.next/server/chunks/[turbopack]_runtime.js:281:20)
    at <unknown> (.next/server/chunks/src_lib_0rqt~bg._.js:52:1283)
    at Context.asyncModule [as a] (.next/server/chunks/[turbopack]_runtime.js:525:5)
    at module evaluation (.next/server/chunks/src_lib_0rqt~bg._.js:52:1203)
    at instantiateModule (.next/server/chunks/[turbopack]_runtime.js:853:9)
    at getOrInstantiateModuleFromParent (.next/server/chunks/[turbopack]_runtime.js:877:12)
Error: An error occurred while loading instrumentation hook: Failed to load external module sharp-03c9e6d01f648d5d: Error: Cannot find module './resize'
Require stack:
- /Users/tuyen.tq/Documents/freelancer/vietminhglobal/app/.next/standalone/node_modules/.pnpm/sharp@0.34.5/node_modules/sharp/lib/index.js
- /Users/tuyen.tq/Documents/freelancer/vietminhglobal/app/.next/standalone/.next/server/chunks/[externals]__0km8yf_._.js
- /Users/tuyen.tq/Documents/freelancer/vietminhglobal/app/.next/standalone/.next/server/chunks/[turbopack]_runtime.js
- /Users/tuyen.tq/Documents/freelancer/vietminhglobal/app/.next/standalone/.next/server/instrumentation.js
- /Users/tuyen.tq/Documents/freelancer/vietminhglobal/app/.next/standalone/node_modules/.pnpm/next@16.2.4_react-dom@19.2.4_react@19.2.4__react@19.2.4/node_modules/next/dist/server/lib/router-utils/instrumentation-globals.external.js
- /Users/tuyen.tq/Documents/freelancer/vietminhglobal/app/.next/standalone/node_modules/.pnpm/next@16.2.4_react-dom@19.2.4_react@19.2.4__react@19.2.4/node_modules/next/dist/server/next-server.js
- /Users/tuyen.tq/Documents/freelancer/vietminhglobal/app/.next/standalone/node_modules/.pnpm/next@16.2.4_react-dom@19.2.4_react@19.2.4__react@19.2.4/node_modules/next/dist/server/next.js
- /Users/tuyen.tq/Documents/freelancer/vietminhglobal/app/.next/standalone/server.js
    at Context.externalRequire [as x] (.next/server/chunks/[turbopack]_runtime.js:624:15)
    at module evaluation (.next/server/chunks/[externals]__0km8yf_._.js:1:1833)
    at instantiateModule (.next/server/chunks/[turbopack]_runtime.js:853:9)
    at getOrInstantiateModuleFromParent (.next/server/chunks/[turbopack]_runtime.js:877:12)
    at Context.esmImport [as i] (.next/server/chunks/[turbopack]_runtime.js:281:20)
    at <unknown> (.next/server/chunks/src_lib_0rqt~bg._.js:52:1283)
    at Context.asyncModule [as a] (.next/server/chunks/[turbopack]_runtime.js:525:5)
    at module evaluation (.next/server/chunks/src_lib_0rqt~bg._.js:52:1203)
    at instantiateModule (.next/server/chunks/[turbopack]_runtime.js:853:9)
    at getOrInstantiateModuleFromParent (.next/server/chunks/[turbopack]_runtime.js:877:12)
Error: An error occurred while loading instrumentation hook: Failed to load external module sharp-03c9e6d01f648d5d: Error: Cannot find module './resize'
Require stack:
- /Users/tuyen.tq/Documents/freelancer/vietminhglobal/app/.next/standalone/node_modules/.pnpm/sharp@0.34.5/node_modules/sharp/lib/index.js
- /Users/tuyen.tq/Documents/freelancer/vietminhglobal/app/.next/standalone/.next/server/chunks/[externals]__0km8yf_._.js
- /Users/tuyen.tq/Documents/freelancer/vietminhglobal/app/.next/standalone/.next/server/chunks/[turbopack]_runtime.js
- /Users/tuyen.tq/Documents/freelancer/vietminhglobal/app/.next/standalone/.next/server/instrumentation.js
- /Users/tuyen.tq/Documents/freelancer/vietminhglobal/app/.next/standalone/node_modules/.pnpm/next@16.2.4_react-dom@19.2.4_react@19.2.4__react@19.2.4/node_modules/next/dist/server/lib/router-utils/instrumentation-globals.external.js
- /Users/tuyen.tq/Documents/freelancer/vietminhglobal/app/.next/standalone/node_modules/.pnpm/next@16.2.4_react-dom@19.2.4_react@19.2.4__react@19.2.4/node_modules/next/dist/server/next-server.js
- /Users/tuyen.tq/Documents/freelancer/vietminhglobal/app/.next/standalone/node_modules/.pnpm/next@16.2.4_react-dom@19.2.4_react@19.2.4__react@19.2.4/node_modules/next/dist/server/next.js
- /Users/tuyen.tq/Documents/freelancer/vietminhglobal/app/.next/standalone/server.js
    at Context.externalRequire [as x] (.next/server/chunks/[turbopack]_runtime.js:624:15)
    at module evaluation (.next/server/chunks/[externals]__0km8yf_._.js:1:1833)
    at instantiateModule (.next/server/chunks/[turbopack]_runtime.js:853:9)
    at getOrInstantiateModuleFromParent (.next/server/chunks/[turbopack]_runtime.js:877:12)
    at Context.esmImport [as i] (.next/server/chunks/[turbopack]_runtime.js:281:20)
    at <unknown> (.next/server/chunks/src_lib_0rqt~bg._.js:52:1283)
    at Context.asyncModule [as a] (.next/server/chunks/[turbopack]_runtime.js:525:5)
    at module evaluation (.next/server/chunks/src_lib_0rqt~bg._.js:52:1203)
    at instantiateModule (.next/server/chunks/[turbopack]_runtime.js:853:9)
    at getOrInstantiateModuleFromParent (.next/server/chunks/[turbopack]_runtime.js:877:12)
Error: An error occurred while loading instrumentation hook: Failed to load external module sharp-03c9e6d01f648d5d: Error: Cannot find module './resize'
Require stack:
- /Users/tuyen.tq/Documents/freelancer/vietminhglobal/app/.next/standalone/node_modules/.pnpm/sharp@0.34.5/node_modules/sharp/lib/index.js
- /Users/tuyen.tq/Documents/freelancer/vietminhglobal/app/.next/standalone/.next/server/chunks/[externals]__0km8yf_._.js
- /Users/tuyen.tq/Documents/freelancer/vietminhglobal/app/.next/standalone/.next/server/chunks/[turbopack]_runtime.js
- /Users/tuyen.tq/Documents/freelancer/vietminhglobal/app/.next/standalone/.next/server/instrumentation.js
- /Users/tuyen.tq/Documents/freelancer/vietminhglobal/app/.next/standalone/node_modules/.pnpm/next@16.2.4_react-dom@19.2.4_react@19.2.4__react@19.2.4/node_modules/next/dist/server/lib/router-utils/instrumentation-globals.external.js
- /Users/tuyen.tq/Documents/freelancer/vietminhglobal/app/.next/standalone/node_modules/.pnpm/next@16.2.4_react-dom@19.2.4_react@19.2.4__react@19.2.4/node_modules/next/dist/server/next-server.js
- /Users/tuyen.tq/Documents/freelancer/vietminhglobal/app/.next/standalone/node_modules/.pnpm/next@16.2.4_react-dom@19.2.4_react@19.2.4__react@19.2.4/node_modules/next/dist/server/next.js
- /Users/tuyen.tq/Documents/freelancer/vietminhglobal/app/.next/standalone/server.js
    at Context.externalRequire [as x] (.next/server/chunks/[turbopack]_runtime.js:624:15)
    at module evaluation (.next/server/chunks/[externals]__0km8yf_._.js:1:1833)
    at instantiateModule (.next/server/chunks/[turbopack]_runtime.js:853:9)
    at getOrInstantiateModuleFromParent (.next/server/chunks/[turbopack]_runtime.js:877:12)
    at Context.esmImport [as i] (.next/server/chunks/[turbopack]_runtime.js:281:20)
    at <unknown> (.next/server/chunks/src_lib_0rqt~bg._.js:52:1283)
    at Context.asyncModule [as a] (.next/server/chunks/[turbopack]_runtime.js:525:5)
    at module evaluation (.next/server/chunks/src_lib_0rqt~bg._.js:52:1203)
    at instantiateModule (.next/server/chunks/[turbopack]_runtime.js:853:9)
    at getOrInstantiateModuleFromParent (.next/server/chunks/[turbopack]_runtime.js:877:12)
Error: An error occurred while loading instrumentation hook: Failed to load external module sharp-03c9e6d01f648d5d: Error: Cannot find module './resize'
Require stack:
- /Users/tuyen.tq/Documents/freelancer/vietminhglobal/app/.next/standalone/node_modules/.pnpm/sharp@0.34.5/node_modules/sharp/lib/index.js
- /Users/tuyen.tq/Documents/freelancer/vietminhglobal/app/.next/standalone/.next/server/chunks/[externals]__0km8yf_._.js
- /Users/tuyen.tq/Documents/freelancer/vietminhglobal/app/.next/standalone/.next/server/chunks/[turbopack]_runtime.js
- /Users/tuyen.tq/Documents/freelancer/vietminhglobal/app/.next/standalone/.next/server/instrumentation.js
- /Users/tuyen.tq/Documents/freelancer/vietminhglobal/app/.next/standalone/node_modules/.pnpm/next@16.2.4_react-dom@19.2.4_react@19.2.4__react@19.2.4/node_modules/next/dist/server/lib/router-utils/instrumentation-globals.external.js
- /Users/tuyen.tq/Documents/freelancer/vietminhglobal/app/.next/standalone/node_modules/.pnpm/next@16.2.4_react-dom@19.2.4_react@19.2.4__react@19.2.4/node_modules/next/dist/server/next-server.js
- /Users/tuyen.tq/Documents/freelancer/vietminhglobal/app/.next/standalone/node_modules/.pnpm/next@16.2.4_react-dom@19.2.4_react@19.2.4__react@19.2.4/node_modules/next/dist/server/next.js
- /Users/tuyen.tq/Documents/freelancer/vietminhglobal/app/.next/standalone/server.js
    at Context.externalRequire [as x] (.next/server/chunks/[turbopack]_runtime.js:624:15)
    at module evaluation (.next/server/chunks/[externals]__0km8yf_._.js:1:1833)
    at instantiateModule (.next/server/chunks/[turbopack]_runtime.js:853:9)
    at getOrInstantiateModuleFromParent (.next/server/chunks/[turbopack]_runtime.js:877:12)
    at Context.esmImport [as i] (.next/server/chunks/[turbopack]_runtime.js:281:20)
    at <unknown> (.next/server/chunks/src_lib_0rqt~bg._.js:52:1283)
    at Context.asyncModule [as a] (.next/server/chunks/[turbopack]_runtime.js:525:5)
    at module evaluation (.next/server/chunks/src_lib_0rqt~bg._.js:52:1203)
    at instantiateModule (.next/server/chunks/[turbopack]_runtime.js:853:9)
    at getOrInstantiateModuleFromParent (.next/server/chunks/[turbopack]_runtime.js:877:12)
Error: An error occurred while loading instrumentation hook: Failed to load external module sharp-03c9e6d01f648d5d: Error: Cannot find module './resize'
Require stack:
- /Users/tuyen.tq/Documents/freelancer/vietminhglobal/app/.next/standalone/node_modules/.pnpm/sharp@0.34.5/node_modules/sharp/lib/index.js
- /Users/tuyen.tq/Documents/freelancer/vietminhglobal/app/.next/standalone/.next/server/chunks/[externals]__0km8yf_._.js
- /Users/tuyen.tq/Documents/freelancer/vietminhglobal/app/.next/standalone/.next/server/chunks/[turbopack]_runtime.js
- /Users/tuyen.tq/Documents/freelancer/vietminhglobal/app/.next/standalone/.next/server/instrumentation.js
- /Users/tuyen.tq/Documents/freelancer/vietminhglobal/app/.next/standalone/node_modules/.pnpm/next@16.2.4_react-dom@19.2.4_react@19.2.4__react@19.2.4/node_modules/next/dist/server/lib/router-utils/instrumentation-globals.external.js
- /Users/tuyen.tq/Documents/freelancer/vietminhglobal/app/.next/standalone/node_modules/.pnpm/next@16.2.4_react-dom@19.2.4_react@19.2.4__react@19.2.4/node_modules/next/dist/server/next-server.js
- /Users/tuyen.tq/Documents/freelancer/vietminhglobal/app/.next/standalone/node_modules/.pnpm/next@16.2.4_react-dom@19.2.4_react@19.2.4__react@19.2.4/node_modules/next/dist/server/next.js
- /Users/tuyen.tq/Documents/freelancer/vietminhglobal/app/.next/standalone/server.js
    at Context.externalRequire [as x] (.next/server/chunks/[turbopack]_runtime.js:624:15)
    at module evaluation (.next/server/chunks/[externals]__0km8yf_._.js:1:1833)
    at instantiateModule (.next/server/chunks/[turbopack]_runtime.js:853:9)
    at getOrInstantiateModuleFromParent (.next/server/chunks/[turbopack]_runtime.js:877:12)
    at Context.esmImport [as i] (.next/server/chunks/[turbopack]_runtime.js:281:20)
    at <unknown> (.next/server/chunks/src_lib_0rqt~bg._.js:52:1283)
    at Context.asyncModule [as a] (.next/server/chunks/[turbopack]_runtime.js:525:5)
    at module evaluation (.next/server/chunks/src_lib_0rqt~bg._.js:52:1203)
    at instantiateModule (.next/server/chunks/[turbopack]_runtime.js:853:9)
    at getOrInstantiateModuleFromParent (.next/server/chunks/[turbopack]_runtime.js:877:12)
Error: An error occurred while loading instrumentation hook: Failed to load external module sharp-03c9e6d01f648d5d: Error: Cannot find module './resize'
Require stack:
- /Users/tuyen.tq/Documents/freelancer/vietminhglobal/app/.next/standalone/node_modules/.pnpm/sharp@0.34.5/node_modules/sharp/lib/index.js
- /Users/tuyen.tq/Documents/freelancer/vietminhglobal/app/.next/standalone/.next/server/chunks/[externals]__0km8yf_._.js
- /Users/tuyen.tq/Documents/freelancer/vietminhglobal/app/.next/standalone/.next/server/chunks/[turbopack]_runtime.js
- /Users/tuyen.tq/Documents/freelancer/vietminhglobal/app/.next/standalone/.next/server/instrumentation.js
- /Users/tuyen.tq/Documents/freelancer/vietminhglobal/app/.next/standalone/node_modules/.pnpm/next@16.2.4_react-dom@19.2.4_react@19.2.4__react@19.2.4/node_modules/next/dist/server/lib/router-utils/instrumentation-globals.external.js
- /Users/tuyen.tq/Documents/freelancer/vietminhglobal/app/.next/standalone/node_modules/.pnpm/next@16.2.4_react-dom@19.2.4_react@19.2.4__react@19.2.4/node_modules/next/dist/server/next-server.js
- /Users/tuyen.tq/Documents/freelancer/vietminhglobal/app/.next/standalone/node_modules/.pnpm/next@16.2.4_react-dom@19.2.4_react@19.2.4__react@19.2.4/node_modules/next/dist/server/next.js
- /Users/tuyen.tq/Documents/freelancer/vietminhglobal/app/.next/standalone/server.js
    at Context.externalRequire [as x] (.next/server/chunks/[turbopack]_runtime.js:624:15)
    at module evaluation (.next/server/chunks/[externals]__0km8yf_._.js:1:1833)
    at instantiateModule (.next/server/chunks/[turbopack]_runtime.js:853:9)
    at getOrInstantiateModuleFromParent (.next/server/chunks/[turbopack]_runtime.js:877:12)
    at Context.esmImport [as i] (.next/server/chunks/[turbopack]_runtime.js:281:20)
    at <unknown> (.next/server/chunks/src_lib_0rqt~bg._.js:52:1283)
    at Context.asyncModule [as a] (.next/server/chunks/[turbopack]_runtime.js:525:5)
    at module evaluation (.next/server/chunks/src_lib_0rqt~bg._.js:52:1203)
    at instantiateModule (.next/server/chunks/[turbopack]_runtime.js:853:9)
    at getOrInstantiateModuleFromParent (.next/server/chunks/[turbopack]_runtime.js:877:12)
Error: An error occurred while loading instrumentation hook: Failed to load external module sharp-03c9e6d01f648d5d: Error: Cannot find module './resize'
Require stack:
- /Users/tuyen.tq/Documents/freelancer/vietminhglobal/app/.next/standalone/node_modules/.pnpm/sharp@0.34.5/node_modules/sharp/lib/index.js
- /Users/tuyen.tq/Documents/freelancer/vietminhglobal/app/.next/standalone/.next/server/chunks/[externals]__0km8yf_._.js
- /Users/tuyen.tq/Documents/freelancer/vietminhglobal/app/.next/standalone/.next/server/chunks/[turbopack]_runtime.js
- /Users/tuyen.tq/Documents/freelancer/vietminhglobal/app/.next/standalone/.next/server/instrumentation.js
- /Users/tuyen.tq/Documents/freelancer/vietminhglobal/app/.next/standalone/node_modules/.pnpm/next@16.2.4_react-dom@19.2.4_react@19.2.4__react@19.2.4/node_modules/next/dist/server/lib/router-utils/instrumentation-globals.external.js
- /Users/tuyen.tq/Documents/freelancer/vietminhglobal/app/.next/standalone/node_modules/.pnpm/next@16.2.4_react-dom@19.2.4_react@19.2.4__react@19.2.4/node_modules/next/dist/server/next-server.js
- /Users/tuyen.tq/Documents/freelancer/vietminhglobal/app/.next/standalone/node_modules/.pnpm/next@16.2.4_react-dom@19.2.4_react@19.2.4__react@19.2.4/node_modules/next/dist/server/next.js
- /Users/tuyen.tq/Documents/freelancer/vietminhglobal/app/.next/standalone/server.js
    at Context.externalRequire [as x] (.next/server/chunks/[turbopack]_runtime.js:624:15)
    at module evaluation (.next/server/chunks/[externals]__0km8yf_._.js:1:1833)
    at instantiateModule (.next/server/chunks/[turbopack]_runtime.js:853:9)
    at getOrInstantiateModuleFromParent (.next/server/chunks/[turbopack]_runtime.js:877:12)
    at Context.esmImport [as i] (.next/server/chunks/[turbopack]_runtime.js:281:20)
    at <unknown> (.next/server/chunks/src_lib_0rqt~bg._.js:52:1283)
    at Context.asyncModule [as a] (.next/server/chunks/[turbopack]_runtime.js:525:5)
    at module evaluation (.next/server/chunks/src_lib_0rqt~bg._.js:52:1203)
    at instantiateModule (.next/server/chunks/[turbopack]_runtime.js:853:9)
    at getOrInstantiateModuleFromParent (.next/server/chunks/[turbopack]_runtime.js:877:12)
Error: An error occurred while loading instrumentation hook: Failed to load external module sharp-03c9e6d01f648d5d: Error: Cannot find module './resize'
Require stack:
- /Users/tuyen.tq/Documents/freelancer/vietminhglobal/app/.next/standalone/node_modules/.pnpm/sharp@0.34.5/node_modules/sharp/lib/index.js
- /Users/tuyen.tq/Documents/freelancer/vietminhglobal/app/.next/standalone/.next/server/chunks/[externals]__0km8yf_._.js
- /Users/tuyen.tq/Documents/freelancer/vietminhglobal/app/.next/standalone/.next/server/chunks/[turbopack]_runtime.js
- /Users/tuyen.tq/Documents/freelancer/vietminhglobal/app/.next/standalone/.next/server/instrumentation.js
- /Users/tuyen.tq/Documents/freelancer/vietminhglobal/app/.next/standalone/node_modules/.pnpm/next@16.2.4_react-dom@19.2.4_react@19.2.4__react@19.2.4/node_modules/next/dist/server/lib/router-utils/instrumentation-globals.external.js
- /Users/tuyen.tq/Documents/freelancer/vietminhglobal/app/.next/standalone/node_modules/.pnpm/next@16.2.4_react-dom@19.2.4_react@19.2.4__react@19.2.4/node_modules/next/dist/server/next-server.js
- /Users/tuyen.tq/Documents/freelancer/vietminhglobal/app/.next/standalone/node_modules/.pnpm/next@16.2.4_react-dom@19.2.4_react@19.2.4__react@19.2.4/node_modules/next/dist/server/next.js
- /Users/tuyen.tq/Documents/freelancer/vietminhglobal/app/.next/standalone/server.js
    at Context.externalRequire [as x] (.next/server/chunks/[turbopack]_runtime.js:624:15)
    at module evaluation (.next/server/chunks/[externals]__0km8yf_._.js:1:1833)
    at instantiateModule (.next/server/chunks/[turbopack]_runtime.js:853:9)
    at getOrInstantiateModuleFromParent (.next/server/chunks/[turbopack]_runtime.js:877:12)
    at Context.esmImport [as i] (.next/server/chunks/[turbopack]_runtime.js:281:20)
    at <unknown> (.next/server/chunks/src_lib_0rqt~bg._.js:52:1283)
    at Context.asyncModule [as a] (.next/server/chunks/[turbopack]_runtime.js:525:5)
    at module evaluation (.next/server/chunks/src_lib_0rqt~bg._.js:52:1203)
    at instantiateModule (.next/server/chunks/[turbopack]_runtime.js:853:9)
    at getOrInstantiateModuleFromParent (.next/server/chunks/[turbopack]_runtime.js:877:12)
Error: An error occurred while loading instrumentation hook: Failed to load external module sharp-03c9e6d01f648d5d: Error: Cannot find module './resize'
Require stack:
- /Users/tuyen.tq/Documents/freelancer/vietminhglobal/app/.next/standalone/node_modules/.pnpm/sharp@0.34.5/node_modules/sharp/lib/index.js
- /Users/tuyen.tq/Documents/freelancer/vietminhglobal/app/.next/standalone/.next/server/chunks/[externals]__0km8yf_._.js
- /Users/tuyen.tq/Documents/freelancer/vietminhglobal/app/.next/standalone/.next/server/chunks/[turbopack]_runtime.js
- /Users/tuyen.tq/Documents/freelancer/vietminhglobal/app/.next/standalone/.next/server/instrumentation.js
- /Users/tuyen.tq/Documents/freelancer/vietminhglobal/app/.next/standalone/node_modules/.pnpm/next@16.2.4_react-dom@19.2.4_react@19.2.4__react@19.2.4/node_modules/next/dist/server/lib/router-utils/instrumentation-globals.external.js
- /Users/tuyen.tq/Documents/freelancer/vietminhglobal/app/.next/standalone/node_modules/.pnpm/next@16.2.4_react-dom@19.2.4_react@19.2.4__react@19.2.4/node_modules/next/dist/server/next-server.js
- /Users/tuyen.tq/Documents/freelancer/vietminhglobal/app/.next/standalone/node_modules/.pnpm/next@16.2.4_react-dom@19.2.4_react@19.2.4__react@19.2.4/node_modules/next/dist/server/next.js
- /Users/tuyen.tq/Documents/freelancer/vietminhglobal/app/.next/standalone/server.js
    at Context.externalRequire [as x] (.next/server/chunks/[turbopack]_runtime.js:624:15)
    at module evaluation (.next/server/chunks/[externals]__0km8yf_._.js:1:1833)
    at instantiateModule (.next/server/chunks/[turbopack]_runtime.js:853:9)
    at getOrInstantiateModuleFromParent (.next/server/chunks/[turbopack]_runtime.js:877:12)
    at Context.esmImport [as i] (.next/server/chunks/[turbopack]_runtime.js:281:20)
    at <unknown> (.next/server/chunks/src_lib_0rqt~bg._.js:52:1283)
    at Context.asyncModule [as a] (.next/server/chunks/[turbopack]_runtime.js:525:5)
    at module evaluation (.next/server/chunks/src_lib_0rqt~bg._.js:52:1203)
    at instantiateModule (.next/server/chunks/[turbopack]_runtime.js:853:9)
    at getOrInstantiateModuleFromParent (.next/server/chunks/[turbopack]_runtime.js:877:12)
Error: An error occurred while loading instrumentation hook: Failed to load external module sharp-03c9e6d01f648d5d: Error: Cannot find module './resize'
Require stack:
- /Users/tuyen.tq/Documents/freelancer/vietminhglobal/app/.next/standalone/node_modules/.pnpm/sharp@0.34.5/node_modules/sharp/lib/index.js
- /Users/tuyen.tq/Documents/freelancer/vietminhglobal/app/.next/standalone/.next/server/chunks/[externals]__0km8yf_._.js
- /Users/tuyen.tq/Documents/freelancer/vietminhglobal/app/.next/standalone/.next/server/chunks/[turbopack]_runtime.js
- /Users/tuyen.tq/Documents/freelancer/vietminhglobal/app/.next/standalone/.next/server/instrumentation.js
- /Users/tuyen.tq/Documents/freelancer/vietminhglobal/app/.next/standalone/node_modules/.pnpm/next@16.2.4_react-dom@19.2.4_react@19.2.4__react@19.2.4/node_modules/next/dist/server/lib/router-utils/instrumentation-globals.external.js
- /Users/tuyen.tq/Documents/freelancer/vietminhglobal/app/.next/standalone/node_modules/.pnpm/next@16.2.4_react-dom@19.2.4_react@19.2.4__react@19.2.4/node_modules/next/dist/server/next-server.js
- /Users/tuyen.tq/Documents/freelancer/vietminhglobal/app/.next/standalone/node_modules/.pnpm/next@16.2.4_react-dom@19.2.4_react@19.2.4__react@19.2.4/node_modules/next/dist/server/next.js
- /Users/tuyen.tq/Documents/freelancer/vietminhglobal/app/.next/standalone/server.js
    at Context.externalRequire [as x] (.next/server/chunks/[turbopack]_runtime.js:624:15)
    at module evaluation (.next/server/chunks/[externals]__0km8yf_._.js:1:1833)
    at instantiateModule (.next/server/chunks/[turbopack]_runtime.js:853:9)
    at getOrInstantiateModuleFromParent (.next/server/chunks/[turbopack]_runtime.js:877:12)
    at Context.esmImport [as i] (.next/server/chunks/[turbopack]_runtime.js:281:20)
    at <unknown> (.next/server/chunks/src_lib_0rqt~bg._.js:52:1283)
    at Context.asyncModule [as a] (.next/server/chunks/[turbopack]_runtime.js:525:5)
    at module evaluation (.next/server/chunks/src_lib_0rqt~bg._.js:52:1203)
    at instantiateModule (.next/server/chunks/[turbopack]_runtime.js:853:9)
    at getOrInstantiateModuleFromParent (.next/server/chunks/[turbopack]_runtime.js:877:12)
Error: An error occurred while loading instrumentation hook: Failed to load external module sharp-03c9e6d01f648d5d: Error: Cannot find module './resize'
Require stack:
- /Users/tuyen.tq/Documents/freelancer/vietminhglobal/app/.next/standalone/node_modules/.pnpm/sharp@0.34.5/node_modules/sharp/lib/index.js
- /Users/tuyen.tq/Documents/freelancer/vietminhglobal/app/.next/standalone/.next/server/chunks/[externals]__0km8yf_._.js
- /Users/tuyen.tq/Documents/freelancer/vietminhglobal/app/.next/standalone/.next/server/chunks/[turbopack]_runtime.js
- /Users/tuyen.tq/Documents/freelancer/vietminhglobal/app/.next/standalone/.next/server/instrumentation.js
- /Users/tuyen.tq/Documents/freelancer/vietminhglobal/app/.next/standalone/node_modules/.pnpm/next@16.2.4_react-dom@19.2.4_react@19.2.4__react@19.2.4/node_modules/next/dist/server/lib/router-utils/instrumentation-globals.external.js
- /Users/tuyen.tq/Documents/freelancer/vietminhglobal/app/.next/standalone/node_modules/.pnpm/next@16.2.4_react-dom@19.2.4_react@19.2.4__react@19.2.4/node_modules/next/dist/server/next-server.js
- /Users/tuyen.tq/Documents/freelancer/vietminhglobal/app/.next/standalone/node_modules/.pnpm/next@16.2.4_react-dom@19.2.4_react@19.2.4__react@19.2.4/node_modules/next/dist/server/next.js
- /Users/tuyen.tq/Documents/freelancer/vietminhglobal/app/.next/standalone/server.js
    at Context.externalRequire [as x] (.next/server/chunks/[turbopack]_runtime.js:624:15)
    at module evaluation (.next/server/chunks/[externals]__0km8yf_._.js:1:1833)
    at instantiateModule (.next/server/chunks/[turbopack]_runtime.js:853:9)
    at getOrInstantiateModuleFromParent (.next/server/chunks/[turbopack]_runtime.js:877:12)
    at Context.esmImport [as i] (.next/server/chunks/[turbopack]_runtime.js:281:20)
    at <unknown> (.next/server/chunks/src_lib_0rqt~bg._.js:52:1283)
    at Context.asyncModule [as a] (.next/server/chunks/[turbopack]_runtime.js:525:5)
    at module evaluation (.next/server/chunks/src_lib_0rqt~bg._.js:52:1203)
    at instantiateModule (.next/server/chunks/[turbopack]_runtime.js:853:9)
    at getOrInstantiateModuleFromParent (.next/server/chunks/[turbopack]_runtime.js:877:12)
Error: An error occurred while loading instrumentation hook: Failed to load external module sharp-03c9e6d01f648d5d: Error: Cannot find module './resize'
Require stack:
- /Users/tuyen.tq/Documents/freelancer/vietminhglobal/app/.next/standalone/node_modules/.pnpm/sharp@0.34.5/node_modules/sharp/lib/index.js
- /Users/tuyen.tq/Documents/freelancer/vietminhglobal/app/.next/standalone/.next/server/chunks/[externals]__0km8yf_._.js
- /Users/tuyen.tq/Documents/freelancer/vietminhglobal/app/.next/standalone/.next/server/chunks/[turbopack]_runtime.js
- /Users/tuyen.tq/Documents/freelancer/vietminhglobal/app/.next/standalone/.next/server/instrumentation.js
- /Users/tuyen.tq/Documents/freelancer/vietminhglobal/app/.next/standalone/node_modules/.pnpm/next@16.2.4_react-dom@19.2.4_react@19.2.4__react@19.2.4/node_modules/next/dist/server/lib/router-utils/instrumentation-globals.external.js
- /Users/tuyen.tq/Documents/freelancer/vietminhglobal/app/.next/standalone/node_modules/.pnpm/next@16.2.4_react-dom@19.2.4_react@19.2.4__react@19.2.4/node_modules/next/dist/server/next-server.js
- /Users/tuyen.tq/Documents/freelancer/vietminhglobal/app/.next/standalone/node_modules/.pnpm/next@16.2.4_react-dom@19.2.4_react@19.2.4__react@19.2.4/node_modules/next/dist/server/next.js
- /Users/tuyen.tq/Documents/freelancer/vietminhglobal/app/.next/standalone/server.js
    at Context.externalRequire [as x] (.next/server/chunks/[turbopack]_runtime.js:624:15)
    at module evaluation (.next/server/chunks/[externals]__0km8yf_._.js:1:1833)
    at instantiateModule (.next/server/chunks/[turbopack]_runtime.js:853:9)
    at getOrInstantiateModuleFromParent (.next/server/chunks/[turbopack]_runtime.js:877:12)
    at Context.esmImport [as i] (.next/server/chunks/[turbopack]_runtime.js:281:20)
    at <unknown> (.next/server/chunks/src_lib_0rqt~bg._.js:52:1283)
    at Context.asyncModule [as a] (.next/server/chunks/[turbopack]_runtime.js:525:5)
    at module evaluation (.next/server/chunks/src_lib_0rqt~bg._.js:52:1203)
    at instantiateModule (.next/server/chunks/[turbopack]_runtime.js:853:9)
    at getOrInstantiateModuleFromParent (.next/server/chunks/[turbopack]_runtime.js:877:12)
Error: Could not find a production build in the '.next' directory. Try building your app with 'next build' before starting the production server. https://nextjs.org/docs/messages/production-start-no-build-id
    at ignore-listed frames
Error: Could not find a production build in the '.next' directory. Try building your app with 'next build' before starting the production server. https://nextjs.org/docs/messages/production-start-no-build-id
    at ignore-listed frames
Error: Could not find a production build in the '.next' directory. Try building your app with 'next build' before starting the production server. https://nextjs.org/docs/messages/production-start-no-build-id
    at ignore-listed frames
Error: Could not find a production build in the '.next' directory. Try building your app with 'next build' before starting the production server. https://nextjs.org/docs/messages/production-start-no-build-id
    at ignore-listed frames
Error: Could not find a production build in the '.next' directory. Try building your app with 'next build' before starting the production server. https://nextjs.org/docs/messages/production-start-no-build-id
    at ignore-listed frames
Error: Could not find a production build in the '.next' directory. Try building your app with 'next build' before starting the production server. https://nextjs.org/docs/messages/production-start-no-build-id
    at ignore-listed frames
Error: Could not find a production build in the '.next' directory. Try building your app with 'next build' before starting the production server. https://nextjs.org/docs/messages/production-start-no-build-id
    at ignore-listed frames
Error: Could not find a production build in the '.next' directory. Try building your app with 'next build' before starting the production server. https://nextjs.org/docs/messages/production-start-no-build-id
    at ignore-listed frames
Error: Could not find a production build in the '.next' directory. Try building your app with 'next build' before starting the production server. https://nextjs.org/docs/messages/production-start-no-build-id
    at ignore-listed frames
Error: Could not find a production build in the '.next' directory. Try building your app with 'next build' before starting the production server. https://nextjs.org/docs/messages/production-start-no-build-id
    at ignore-listed frames
Error: Could not find a production build in the '.next' directory. Try building your app with 'next build' before starting the production server. https://nextjs.org/docs/messages/production-start-no-build-id
    at ignore-listed frames
Error: Could not find a production build in the '.next' directory. Try building your app with 'next build' before starting the production server. https://nextjs.org/docs/messages/production-start-no-build-id
    at ignore-listed frames
Error: Could not find a production build in the '.next' directory. Try building your app with 'next build' before starting the production server. https://nextjs.org/docs/messages/production-start-no-build-id
    at ignore-listed frames
Error: Could not find a production build in the '.next' directory. Try building your app with 'next build' before starting the production server. https://nextjs.org/docs/messages/production-start-no-build-id
    at ignore-listed frames
Error: Could not find a production build in the '.next' directory. Try building your app with 'next build' before starting the production server. https://nextjs.org/docs/messages/production-start-no-build-id
    at ignore-listed frames
Error: Could not find a production build in the '.next' directory. Try building your app with 'next build' before starting the production server. https://nextjs.org/docs/messages/production-start-no-build-id
    at ignore-listed frames
⚠ "next start" does not work with "output: standalone" configuration. Use "node .next/standalone/server.js" instead.
[MailboxProxy] unread probe failed {
  mailboxId: 'cmqv51y4t0002r8t0kbnu4t55',
  email: 'anhiri66@gmail.com',
  error: 'Socket timeout'
}
⚠ "next start" does not work with "output: standalone" configuration. Use "node .next/standalone/server.js" instead.
⨯ Error: Command failed
    at R.reader (.next/server/chunks/[root-of-the-server]__0iyno00._.js:2:136312) {
  response: '3 NO [ALERT] Too many simultaneous connections. (Failure)',
  responseStatus: 'NO',
  executedCommand: '3 AUTHENTICATE PLAIN',
  responseText: 'Too many simultaneous connections. (Failure)',
  serverResponseCode: 'ALERT',
  authenticationFailed: true
}
Error: Could not find a production build in the '.next' directory. Try building your app with 'next build' before starting the production server. https://nextjs.org/docs/messages/production-start-no-build-id
    at ignore-listed frames
Error: Could not find a production build in the '.next' directory. Try building your app with 'next build' before starting the production server. https://nextjs.org/docs/messages/production-start-no-build-id
    at ignore-listed frames
Error: Could not find a production build in the '.next' directory. Try building your app with 'next build' before starting the production server. https://nextjs.org/docs/messages/production-start-no-build-id
    at ignore-listed frames
Error: Could not find a production build in the '.next' directory. Try building your app with 'next build' before starting the production server. https://nextjs.org/docs/messages/production-start-no-build-id
    at ignore-listed frames
Error: Could not find a production build in the '.next' directory. Try building your app with 'next build' before starting the production server. https://nextjs.org/docs/messages/production-start-no-build-id
    at ignore-listed frames
Error: Could not find a production build in the '.next' directory. Try building your app with 'next build' before starting the production server. https://nextjs.org/docs/messages/production-start-no-build-id
    at ignore-listed frames
Error: Could not find a production build in the '.next' directory. Try building your app with 'next build' before starting the production server. https://nextjs.org/docs/messages/production-start-no-build-id
    at ignore-listed frames
Error: Could not find a production build in the '.next' directory. Try building your app with 'next build' before starting the production server. https://nextjs.org/docs/messages/production-start-no-build-id
    at ignore-listed frames
Error: Could not find a production build in the '.next' directory. Try building your app with 'next build' before starting the production server. https://nextjs.org/docs/messages/production-start-no-build-id
    at ignore-listed frames
Error: Could not find a production build in the '.next' directory. Try building your app with 'next build' before starting the production server. https://nextjs.org/docs/messages/production-start-no-build-id
    at ignore-listed frames
Error: Could not find a production build in the '.next' directory. Try building your app with 'next build' before starting the production server. https://nextjs.org/docs/messages/production-start-no-build-id
    at ignore-listed frames
Error: Could not find a production build in the '.next' directory. Try building your app with 'next build' before starting the production server. https://nextjs.org/docs/messages/production-start-no-build-id
    at ignore-listed frames
Error: Could not find a production build in the '.next' directory. Try building your app with 'next build' before starting the production server. https://nextjs.org/docs/messages/production-start-no-build-id
    at ignore-listed frames
Error: Could not find a production build in the '.next' directory. Try building your app with 'next build' before starting the production server. https://nextjs.org/docs/messages/production-start-no-build-id
    at ignore-listed frames
Error: Could not find a production build in the '.next' directory. Try building your app with 'next build' before starting the production server. https://nextjs.org/docs/messages/production-start-no-build-id
    at ignore-listed frames
Error: Could not find a production build in the '.next' directory. Try building your app with 'next build' before starting the production server. https://nextjs.org/docs/messages/production-start-no-build-id
    at ignore-listed frames
Error: Could not find a production build in the '.next' directory. Try building your app with 'next build' before starting the production server. https://nextjs.org/docs/messages/production-start-no-build-id
    at ignore-listed frames
Error: Could not find a production build in the '.next' directory. Try building your app with 'next build' before starting the production server. https://nextjs.org/docs/messages/production-start-no-build-id
    at ignore-listed frames
Error: Could not find a production build in the '.next' directory. Try building your app with 'next build' before starting the production server. https://nextjs.org/docs/messages/production-start-no-build-id
    at ignore-listed frames
Error: Could not find a production build in the '.next' directory. Try building your app with 'next build' before starting the production server. https://nextjs.org/docs/messages/production-start-no-build-id
    at ignore-listed frames
Error: Could not find a production build in the '.next' directory. Try building your app with 'next build' before starting the production server. https://nextjs.org/docs/messages/production-start-no-build-id
    at ignore-listed frames
Error: Could not find a production build in the '.next' directory. Try building your app with 'next build' before starting the production server. https://nextjs.org/docs/messages/production-start-no-build-id
    at ignore-listed frames
Error: Could not find a production build in the '.next' directory. Try building your app with 'next build' before starting the production server. https://nextjs.org/docs/messages/production-start-no-build-id
    at ignore-listed frames
Error: Could not find a production build in the '.next' directory. Try building your app with 'next build' before starting the production server. https://nextjs.org/docs/messages/production-start-no-build-id
    at ignore-listed frames
Error: Could not find a production build in the '.next' directory. Try building your app with 'next build' before starting the production server. https://nextjs.org/docs/messages/production-start-no-build-id
    at ignore-listed frames
Error: Could not find a production build in the '.next' directory. Try building your app with 'next build' before starting the production server. https://nextjs.org/docs/messages/production-start-no-build-id
    at ignore-listed frames
Error: Could not find a production build in the '.next' directory. Try building your app with 'next build' before starting the production server. https://nextjs.org/docs/messages/production-start-no-build-id
    at ignore-listed frames
Error: Could not find a production build in the '.next' directory. Try building your app with 'next build' before starting the production server. https://nextjs.org/docs/messages/production-start-no-build-id
    at ignore-listed frames
Error: Could not find a production build in the '.next' directory. Try building your app with 'next build' before starting the production server. https://nextjs.org/docs/messages/production-start-no-build-id
    at ignore-listed frames
Error: Could not find a production build in the '.next' directory. Try building your app with 'next build' before starting the production server. https://nextjs.org/docs/messages/production-start-no-build-id
    at ignore-listed frames
Error: Could not find a production build in the '.next' directory. Try building your app with 'next build' before starting the production server. https://nextjs.org/docs/messages/production-start-no-build-id
    at ignore-listed frames
Error: Could not find a production build in the '.next' directory. Try building your app with 'next build' before starting the production server. https://nextjs.org/docs/messages/production-start-no-build-id
    at ignore-listed frames
⚠ "next start" does not work with "output: standalone" configuration. Use "node .next/standalone/server.js" instead.
⨯ Error: Command failed
    at R.reader (.next/server/chunks/[root-of-the-server]__0iyno00._.js:2:136312) {
  response: '3 NO [ALERT] Too many simultaneous connections. (Failure)',
  responseStatus: 'NO',
  executedCommand: '3 AUTHENTICATE PLAIN',
  responseText: 'Too many simultaneous connections. (Failure)',
  serverResponseCode: 'ALERT',
  authenticationFailed: true
}
⚠ "next start" does not work with "output: standalone" configuration. Use "node .next/standalone/server.js" instead.
[MailboxProxy] unread probe failed {
  mailboxId: 'cmqv51y4t0002r8t0kbnu4t55',
  email: 'anhiri66@gmail.com',
  error: 'Command failed'
}
[MailboxProxy] unread probe failed {
  mailboxId: 'cmqv51y4t0002r8t0kbnu4t55',
  email: 'anhiri66@gmail.com',
  error: 'Command failed'
}
⚠ "next start" does not work with "output: standalone" configuration. Use "node .next/standalone/server.js" instead.
⚠ "next start" does not work with "output: standalone" configuration. Use "node .next/standalone/server.js" instead.
⨯ Error [PrismaClientKnownRequestError]: 
Invalid `prisma.mailboxConversation.count()` invocation:


The column `mailbox_conversations.is_unread` does not exist in the current database.
    at async (.next/server/chunks/_0n-c_n2._.js:1:12281)
    at async L (.next/server/chunks/_0n-c_n2._.js:1:12242) {
  code: 'P2022',
  meta: {
    modelName: 'MailboxConversation',
    driverAdapterError: Error [DriverAdapterError]: ColumnNotFound
        at U.onError (.next/server/chunks/_08v2hcl._.js:1:11637)
        at U.performIO (.next/server/chunks/_08v2hcl._.js:1:11578)
        at async U.queryRaw (.next/server/chunks/_08v2hcl._.js:1:8164) {
      [cause]: [Object]
    }
  },
  clientVersion: '7.8.0'
}
⨯ Error [PrismaClientKnownRequestError]: 
Invalid `prisma.mailboxConversation.count()` invocation:


The column `mailbox_conversations.is_unread` does not exist in the current database.
    at async (.next/server/chunks/_0n-c_n2._.js:1:12281)
    at async L (.next/server/chunks/_0n-c_n2._.js:1:12242) {
  code: 'P2022',
  meta: {
    modelName: 'MailboxConversation',
    driverAdapterError: Error [DriverAdapterError]: ColumnNotFound
        at U.onError (.next/server/chunks/_08v2hcl._.js:1:11637)
        at U.performIO (.next/server/chunks/_08v2hcl._.js:1:11578)
        at async U.queryRaw (.next/server/chunks/_08v2hcl._.js:1:8164) {
      [cause]: [Object]
    }
  },
  clientVersion: '7.8.0'
}
⚠ "next start" does not work with "output: standalone" configuration. Use "node .next/standalone/server.js" instead.
⚠ "next start" does not work with "output: standalone" configuration. Use "node .next/standalone/server.js" instead.
⚠ "next start" does not work with "output: standalone" configuration. Use "node .next/standalone/server.js" instead.
⚠ "next start" does not work with "output: standalone" configuration. Use "node .next/standalone/server.js" instead.
⚠ "next start" does not work with "output: standalone" configuration. Use "node .next/standalone/server.js" instead.
Error: Could not find a production build in the '.next' directory. Try building your app with 'next build' before starting the production server. https://nextjs.org/docs/messages/production-start-no-build-id
    at ignore-listed frames
Error: Could not find a production build in the '.next' directory. Try building your app with 'next build' before starting the production server. https://nextjs.org/docs/messages/production-start-no-build-id
    at ignore-listed frames
Error: Could not find a production build in the '.next' directory. Try building your app with 'next build' before starting the production server. https://nextjs.org/docs/messages/production-start-no-build-id
    at ignore-listed frames
Error: Could not find a production build in the '.next' directory. Try building your app with 'next build' before starting the production server. https://nextjs.org/docs/messages/production-start-no-build-id
    at ignore-listed frames
Error: Could not find a production build in the '.next' directory. Try building your app with 'next build' before starting the production server. https://nextjs.org/docs/messages/production-start-no-build-id
    at ignore-listed frames
Error: Could not find a production build in the '.next' directory. Try building your app with 'next build' before starting the production server. https://nextjs.org/docs/messages/production-start-no-build-id
    at ignore-listed frames
Error: Could not find a production build in the '.next' directory. Try building your app with 'next build' before starting the production server. https://nextjs.org/docs/messages/production-start-no-build-id
    at ignore-listed frames
Error: Could not find a production build in the '.next' directory. Try building your app with 'next build' before starting the production server. https://nextjs.org/docs/messages/production-start-no-build-id
    at ignore-listed frames
Error: Could not find a production build in the '.next' directory. Try building your app with 'next build' before starting the production server. https://nextjs.org/docs/messages/production-start-no-build-id
    at ignore-listed frames
Error: Could not find a production build in the '.next' directory. Try building your app with 'next build' before starting the production server. https://nextjs.org/docs/messages/production-start-no-build-id
    at ignore-listed frames
Error: Could not find a production build in the '.next' directory. Try building your app with 'next build' before starting the production server. https://nextjs.org/docs/messages/production-start-no-build-id
    at ignore-listed frames
Error: Could not find a production build in the '.next' directory. Try building your app with 'next build' before starting the production server. https://nextjs.org/docs/messages/production-start-no-build-id
    at ignore-listed frames
Error: Could not find a production build in the '.next' directory. Try building your app with 'next build' before starting the production server. https://nextjs.org/docs/messages/production-start-no-build-id
    at ignore-listed frames
Error: Could not find a production build in the '.next' directory. Try building your app with 'next build' before starting the production server. https://nextjs.org/docs/messages/production-start-no-build-id
    at ignore-listed frames
Error: Could not find a production build in the '.next' directory. Try building your app with 'next build' before starting the production server. https://nextjs.org/docs/messages/production-start-no-build-id
    at ignore-listed frames
Error: Could not find a production build in the '.next' directory. Try building your app with 'next build' before starting the production server. https://nextjs.org/docs/messages/production-start-no-build-id
    at ignore-listed frames
⚠ "next start" does not work with "output: standalone" configuration. Use "node .next/standalone/server.js" instead.
Error: Could not find a production build in the '.next' directory. Try building your app with 'next build' before starting the production server. https://nextjs.org/docs/messages/production-start-no-build-id
    at ignore-listed frames
Error: Could not find a production build in the '.next' directory. Try building your app with 'next build' before starting the production server. https://nextjs.org/docs/messages/production-start-no-build-id
    at ignore-listed frames
Error: Could not find a production build in the '.next' directory. Try building your app with 'next build' before starting the production server. https://nextjs.org/docs/messages/production-start-no-build-id
    at ignore-listed frames
Error: Could not find a production build in the '.next' directory. Try building your app with 'next build' before starting the production server. https://nextjs.org/docs/messages/production-start-no-build-id
    at ignore-listed frames
Error: Could not find a production build in the '.next' directory. Try building your app with 'next build' before starting the production server. https://nextjs.org/docs/messages/production-start-no-build-id
    at ignore-listed frames
Error: Could not find a production build in the '.next' directory. Try building your app with 'next build' before starting the production server. https://nextjs.org/docs/messages/production-start-no-build-id
    at ignore-listed frames
Error: Could not find a production build in the '.next' directory. Try building your app with 'next build' before starting the production server. https://nextjs.org/docs/messages/production-start-no-build-id
    at ignore-listed frames
Error: Could not find a production build in the '.next' directory. Try building your app with 'next build' before starting the production server. https://nextjs.org/docs/messages/production-start-no-build-id
    at ignore-listed frames
Error: Could not find a production build in the '.next' directory. Try building your app with 'next build' before starting the production server. https://nextjs.org/docs/messages/production-start-no-build-id
    at ignore-listed frames
Error: Could not find a production build in the '.next' directory. Try building your app with 'next build' before starting the production server. https://nextjs.org/docs/messages/production-start-no-build-id
    at ignore-listed frames
Error: Could not find a production build in the '.next' directory. Try building your app with 'next build' before starting the production server. https://nextjs.org/docs/messages/production-start-no-build-id
    at ignore-listed frames
Error: Could not find a production build in the '.next' directory. Try building your app with 'next build' before starting the production server. https://nextjs.org/docs/messages/production-start-no-build-id
    at ignore-listed frames
Error: Could not find a production build in the '.next' directory. Try building your app with 'next build' before starting the production server. https://nextjs.org/docs/messages/production-start-no-build-id
    at ignore-listed frames
Error: Could not find a production build in the '.next' directory. Try building your app with 'next build' before starting the production server. https://nextjs.org/docs/messages/production-start-no-build-id
    at ignore-listed frames
Error: Could not find a production build in the '.next' directory. Try building your app with 'next build' before starting the production server. https://nextjs.org/docs/messages/production-start-no-build-id
    at ignore-listed frames
Error: Could not find a production build in the '.next' directory. Try building your app with 'next build' before starting the production server. https://nextjs.org/docs/messages/production-start-no-build-id
    at ignore-listed frames
⚠ "next start" does not work with "output: standalone" configuration. Use "node .next/standalone/server.js" instead.
⚠ "next start" does not work with "output: standalone" configuration. Use "node .next/standalone/server.js" instead.
Error: Could not find a production build in the '.next' directory. Try building your app with 'next build' before starting the production server. https://nextjs.org/docs/messages/production-start-no-build-id
    at ignore-listed frames
Error: Could not find a production build in the '.next' directory. Try building your app with 'next build' before starting the production server. https://nextjs.org/docs/messages/production-start-no-build-id
    at ignore-listed frames
Error: Could not find a production build in the '.next' directory. Try building your app with 'next build' before starting the production server. https://nextjs.org/docs/messages/production-start-no-build-id
    at ignore-listed frames
Error: Could not find a production build in the '.next' directory. Try building your app with 'next build' before starting the production server. https://nextjs.org/docs/messages/production-start-no-build-id
    at ignore-listed frames
Error: Could not find a production build in the '.next' directory. Try building your app with 'next build' before starting the production server. https://nextjs.org/docs/messages/production-start-no-build-id
    at ignore-listed frames
Error: Could not find a production build in the '.next' directory. Try building your app with 'next build' before starting the production server. https://nextjs.org/docs/messages/production-start-no-build-id
    at ignore-listed frames
Error: Could not find a production build in the '.next' directory. Try building your app with 'next build' before starting the production server. https://nextjs.org/docs/messages/production-start-no-build-id
    at ignore-listed frames
Error: Could not find a production build in the '.next' directory. Try building your app with 'next build' before starting the production server. https://nextjs.org/docs/messages/production-start-no-build-id
    at ignore-listed frames
Error: Could not find a production build in the '.next' directory. Try building your app with 'next build' before starting the production server. https://nextjs.org/docs/messages/production-start-no-build-id
    at ignore-listed frames
Error: Could not find a production build in the '.next' directory. Try building your app with 'next build' before starting the production server. https://nextjs.org/docs/messages/production-start-no-build-id
    at ignore-listed frames
Error: Could not find a production build in the '.next' directory. Try building your app with 'next build' before starting the production server. https://nextjs.org/docs/messages/production-start-no-build-id
    at ignore-listed frames
Error: Could not find a production build in the '.next' directory. Try building your app with 'next build' before starting the production server. https://nextjs.org/docs/messages/production-start-no-build-id
    at ignore-listed frames
Error: Could not find a production build in the '.next' directory. Try building your app with 'next build' before starting the production server. https://nextjs.org/docs/messages/production-start-no-build-id
    at ignore-listed frames
Error: Could not find a production build in the '.next' directory. Try building your app with 'next build' before starting the production server. https://nextjs.org/docs/messages/production-start-no-build-id
    at ignore-listed frames
Error: Could not find a production build in the '.next' directory. Try building your app with 'next build' before starting the production server. https://nextjs.org/docs/messages/production-start-no-build-id
    at ignore-listed frames
Error: Could not find a production build in the '.next' directory. Try building your app with 'next build' before starting the production server. https://nextjs.org/docs/messages/production-start-no-build-id
    at ignore-listed frames
⚠ "next start" does not work with "output: standalone" configuration. Use "node .next/standalone/server.js" instead.
⚠ "next start" does not work with "output: standalone" configuration. Use "node .next/standalone/server.js" instead.
Error: Could not find a production build in the '/Users/tuyen.tq/Documents/freelancer/vietminhglobal/app/.next' directory. Try building your app with 'next build' before starting the production server. https://nextjs.org/docs/messages/production-start-no-build-id
    at ignore-listed frames
Error: Could not find a production build in the '.next' directory. Try building your app with 'next build' before starting the production server. https://nextjs.org/docs/messages/production-start-no-build-id
    at ignore-listed frames
Error: Could not find a production build in the '.next' directory. Try building your app with 'next build' before starting the production server. https://nextjs.org/docs/messages/production-start-no-build-id
    at ignore-listed frames
Error: Could not find a production build in the '.next' directory. Try building your app with 'next build' before starting the production server. https://nextjs.org/docs/messages/production-start-no-build-id
    at ignore-listed frames
Error: Could not find a production build in the '.next' directory. Try building your app with 'next build' before starting the production server. https://nextjs.org/docs/messages/production-start-no-build-id
    at ignore-listed frames
Error: Could not find a production build in the '.next' directory. Try building your app with 'next build' before starting the production server. https://nextjs.org/docs/messages/production-start-no-build-id
    at ignore-listed frames
Error: Could not find a production build in the '.next' directory. Try building your app with 'next build' before starting the production server. https://nextjs.org/docs/messages/production-start-no-build-id
    at ignore-listed frames
Error: Could not find a production build in the '.next' directory. Try building your app with 'next build' before starting the production server. https://nextjs.org/docs/messages/production-start-no-build-id
    at ignore-listed frames
Error: Could not find a production build in the '.next' directory. Try building your app with 'next build' before starting the production server. https://nextjs.org/docs/messages/production-start-no-build-id
    at ignore-listed frames
Error: Could not find a production build in the '.next' directory. Try building your app with 'next build' before starting the production server. https://nextjs.org/docs/messages/production-start-no-build-id
    at ignore-listed frames
Error: Could not find a production build in the '.next' directory. Try building your app with 'next build' before starting the production server. https://nextjs.org/docs/messages/production-start-no-build-id
    at ignore-listed frames
Error: Could not find a production build in the '.next' directory. Try building your app with 'next build' before starting the production server. https://nextjs.org/docs/messages/production-start-no-build-id
    at ignore-listed frames
Error: Could not find a production build in the '.next' directory. Try building your app with 'next build' before starting the production server. https://nextjs.org/docs/messages/production-start-no-build-id
    at ignore-listed frames
Error: Could not find a production build in the '.next' directory. Try building your app with 'next build' before starting the production server. https://nextjs.org/docs/messages/production-start-no-build-id
    at ignore-listed frames
Error: Could not find a production build in the '.next' directory. Try building your app with 'next build' before starting the production server. https://nextjs.org/docs/messages/production-start-no-build-id
    at ignore-listed frames
Error: Could not find a production build in the '.next' directory. Try building your app with 'next build' before starting the production server. https://nextjs.org/docs/messages/production-start-no-build-id
    at ignore-listed frames
Error: Could not find a production build in the '.next' directory. Try building your app with 'next build' before starting the production server. https://nextjs.org/docs/messages/production-start-no-build-id
    at ignore-listed frames
Error: Could not find a production build in the '.next' directory. Try building your app with 'next build' before starting the production server. https://nextjs.org/docs/messages/production-start-no-build-id
    at ignore-listed frames
Error: Could not find a production build in the '.next' directory. Try building your app with 'next build' before starting the production server. https://nextjs.org/docs/messages/production-start-no-build-id
    at ignore-listed frames
Error: Could not find a production build in the '.next' directory. Try building your app with 'next build' before starting the production server. https://nextjs.org/docs/messages/production-start-no-build-id
    at ignore-listed frames
Error: Could not find a production build in the '.next' directory. Try building your app with 'next build' before starting the production server. https://nextjs.org/docs/messages/production-start-no-build-id
    at ignore-listed frames
Error: Could not find a production build in the '.next' directory. Try building your app with 'next build' before starting the production server. https://nextjs.org/docs/messages/production-start-no-build-id
    at ignore-listed frames
Error: Could not find a production build in the '.next' directory. Try building your app with 'next build' before starting the production server. https://nextjs.org/docs/messages/production-start-no-build-id
    at ignore-listed frames
Error: Could not find a production build in the '.next' directory. Try building your app with 'next build' before starting the production server. https://nextjs.org/docs/messages/production-start-no-build-id
    at ignore-listed frames
Error: Could not find a production build in the '.next' directory. Try building your app with 'next build' before starting the production server. https://nextjs.org/docs/messages/production-start-no-build-id
    at ignore-listed frames
Error: Could not find a production build in the '.next' directory. Try building your app with 'next build' before starting the production server. https://nextjs.org/docs/messages/production-start-no-build-id
    at ignore-listed frames
Error: Could not find a production build in the '.next' directory. Try building your app with 'next build' before starting the production server. https://nextjs.org/docs/messages/production-start-no-build-id
    at ignore-listed frames
Error: Could not find a production build in the '.next' directory. Try building your app with 'next build' before starting the production server. https://nextjs.org/docs/messages/production-start-no-build-id
    at ignore-listed frames
Error: Could not find a production build in the '.next' directory. Try building your app with 'next build' before starting the production server. https://nextjs.org/docs/messages/production-start-no-build-id
    at ignore-listed frames
Error: Could not find a production build in the '.next' directory. Try building your app with 'next build' before starting the production server. https://nextjs.org/docs/messages/production-start-no-build-id
    at ignore-listed frames
Error: Could not find a production build in the '.next' directory. Try building your app with 'next build' before starting the production server. https://nextjs.org/docs/messages/production-start-no-build-id
    at ignore-listed frames
Error: Could not find a production build in the '.next' directory. Try building your app with 'next build' before starting the production server. https://nextjs.org/docs/messages/production-start-no-build-id
    at ignore-listed frames
⚠ "next start" does not work with "output: standalone" configuration. Use "node .next/standalone/server.js" instead.
Error: Could not find a production build in the '.next' directory. Try building your app with 'next build' before starting the production server. https://nextjs.org/docs/messages/production-start-no-build-id
    at ignore-listed frames
Error: Could not find a production build in the '.next' directory. Try building your app with 'next build' before starting the production server. https://nextjs.org/docs/messages/production-start-no-build-id
    at ignore-listed frames
Error: Could not find a production build in the '.next' directory. Try building your app with 'next build' before starting the production server. https://nextjs.org/docs/messages/production-start-no-build-id
    at ignore-listed frames
Error: Could not find a production build in the '.next' directory. Try building your app with 'next build' before starting the production server. https://nextjs.org/docs/messages/production-start-no-build-id
    at ignore-listed frames
Error: Could not find a production build in the '.next' directory. Try building your app with 'next build' before starting the production server. https://nextjs.org/docs/messages/production-start-no-build-id
    at ignore-listed frames
Error: Could not find a production build in the '.next' directory. Try building your app with 'next build' before starting the production server. https://nextjs.org/docs/messages/production-start-no-build-id
    at ignore-listed frames
Error: Could not find a production build in the '.next' directory. Try building your app with 'next build' before starting the production server. https://nextjs.org/docs/messages/production-start-no-build-id
    at ignore-listed frames
Error: Could not find a production build in the '.next' directory. Try building your app with 'next build' before starting the production server. https://nextjs.org/docs/messages/production-start-no-build-id
    at ignore-listed frames
Error: Could not find a production build in the '.next' directory. Try building your app with 'next build' before starting the production server. https://nextjs.org/docs/messages/production-start-no-build-id
    at ignore-listed frames
Error: Could not find a production build in the '.next' directory. Try building your app with 'next build' before starting the production server. https://nextjs.org/docs/messages/production-start-no-build-id
    at ignore-listed frames
Error: Could not find a production build in the '.next' directory. Try building your app with 'next build' before starting the production server. https://nextjs.org/docs/messages/production-start-no-build-id
    at ignore-listed frames
Error: Could not find a production build in the '.next' directory. Try building your app with 'next build' before starting the production server. https://nextjs.org/docs/messages/production-start-no-build-id
    at ignore-listed frames
Error: Could not find a production build in the '.next' directory. Try building your app with 'next build' before starting the production server. https://nextjs.org/docs/messages/production-start-no-build-id
    at ignore-listed frames
Error: Could not find a production build in the '.next' directory. Try building your app with 'next build' before starting the production server. https://nextjs.org/docs/messages/production-start-no-build-id
    at ignore-listed frames
Error: Could not find a production build in the '.next' directory. Try building your app with 'next build' before starting the production server. https://nextjs.org/docs/messages/production-start-no-build-id
    at ignore-listed frames
Error: Could not find a production build in the '.next' directory. Try building your app with 'next build' before starting the production server. https://nextjs.org/docs/messages/production-start-no-build-id
    at ignore-listed frames
⚠ "next start" does not work with "output: standalone" configuration. Use "node .next/standalone/server.js" instead.
⚠ "next start" does not work with "output: standalone" configuration. Use "node .next/standalone/server.js" instead.
