◇ injected env (16) from .env // tip: ◈ encrypted .env [www.dotenvx.com]
◇ injected env (0) from .env.local // tip: ⌁ auth for agents [www.vestauth.com]
Starting BullMQ workers...
Mockup composite worker is ready and listening to queue.
Printify mockup poll worker is ready and listening to queue.
Triple Whale sync worker is ready and listening to queue.
[MockupWorker] Successfully processed custom composite image cmqqsw4i9000156t0ogbrhhjb
Job 96 completed successfully
[MockupWorker] Successfully processed custom composite image cmqqt6gve00014wt0d4yzxzx2
Job 98 completed successfully
[MockupWorker] Successfully processed custom composite image cmqqtjtg50015lxt0rwm121xs
Job 99 completed successfully
[MockupWorker] Successfully processed custom composite image cmqqtjtin0019lxt0aaozutpf
Job 101 completed successfully
[MockupWorker] Successfully processed custom composite image cmqqtjtin001alxt06o1mutlk
Job 102 completed successfully
[MockupWorker] Successfully processed custom composite image cmqqtxi4m001elxt00mgbk1ks
Job 103 completed successfully
[MockupWorker] Successfully processed custom composite image cmqquqp1e001xlxt02y35ay5f
Job 105 completed successfully
[MockupWorker] Successfully processed custom composite image cmqquqp3h0022lxt04ffi99nv
Job 108 completed successfully
[MockupWorker] Successfully processed custom composite image cmqquqp3h0021lxt0ecl26ph4
Job 107 completed successfully
Printify mockup poll worker is ready and listening to queue.
Triple Whale sync worker is ready and listening to queue.
Printify mockup poll worker is ready and listening to queue.
Mockup composite worker is ready and listening to queue.
Mockup composite worker is ready and listening to queue.
Printify mockup poll worker is ready and listening to queue.
Triple Whale sync worker is ready and listening to queue.
Triple Whale sync worker is ready and listening to queue.
Mockup composite worker is ready and listening to queue.
Triple Whale sync worker is ready and listening to queue.
Mockup composite worker is ready and listening to queue.
Triple Whale sync worker is ready and listening to queue.
Printify mockup poll worker is ready and listening to queue.
Mockup composite worker is ready and listening to queue.
Triple Whale sync worker is ready and listening to queue.
Mockup composite worker is ready and listening to queue.
Printify mockup poll worker is ready and listening to queue.
Printify mockup poll worker is ready and listening to queue.
Mockup composite worker is ready and listening to queue.
Triple Whale sync worker is ready and listening to queue.
Printify mockup poll worker is ready and listening to queue.
Mockup composite worker is ready and listening to queue.
Triple Whale sync worker is ready and listening to queue.
Printify mockup poll worker is ready and listening to queue.
Mockup composite worker is ready and listening to queue.
Triple Whale sync worker is ready and listening to queue.
Printify mockup poll worker is ready and listening to queue.
Mockup composite worker is ready and listening to queue.
Printify mockup poll worker is ready and listening to queue.
Triple Whale sync worker is ready and listening to queue.
Mockup composite worker is ready and listening to queue.
Triple Whale sync worker is ready and listening to queue.
Printify mockup poll worker is ready and listening to queue.
Printify mockup poll worker is ready and listening to queue.
Printify mockup poll worker is ready and listening to queue.
Mockup composite worker is ready and listening to queue.
Triple Whale sync worker is ready and listening to queue.
Mockup composite worker is ready and listening to queue.
Mockup composite worker is ready and listening to queue.
Mockup composite worker is ready and listening to queue.
Printify mockup poll worker is ready and listening to queue.
Triple Whale sync worker is ready and listening to queue.
Mockup composite worker is ready and listening to queue.
Printify mockup poll worker is ready and listening to queue.
Printify mockup poll worker is ready and listening to queue.
Printify mockup poll worker is ready and listening to queue.
Printify mockup poll worker is ready and listening to queue.
Printify mockup poll worker is ready and listening to queue.
Printify mockup poll worker is ready and listening to queue.
Printify mockup poll worker is ready and listening to queue.
Printify mockup poll worker is ready and listening to queue.
Triple Whale sync worker is ready and listening to queue.
Printify mockup poll worker is ready and listening to queue.
Triple Whale sync worker is ready and listening to queue.
Printify mockup poll worker is ready and listening to queue.
Printify mockup poll worker is ready and listening to queue.
Triple Whale sync worker is ready and listening to queue.
Mockup composite worker is ready and listening to queue.
Triple Whale sync worker is ready and listening to queue.
Printify mockup poll worker is ready and listening to queue.
Mockup composite worker is ready and listening to queue.
Triple Whale sync worker is ready and listening to queue.
Mockup composite worker is ready and listening to queue.
Mockup composite worker is ready and listening to queue.
Mockup composite worker is ready and listening to queue.
Triple Whale sync worker is ready and listening to queue.
Mockup composite worker is ready and listening to queue.
Triple Whale sync worker is ready and listening to queue.
Mockup composite worker is ready and listening to queue.
Triple Whale sync worker is ready and listening to queue.
Mockup composite worker is ready and listening to queue.
Printify mockup poll worker is ready and listening to queue.
Printify mockup poll worker is ready and listening to queue.
Mockup composite worker is ready and listening to queue.
Triple Whale sync worker is ready and listening to queue.
Printify mockup poll worker is ready and listening to queue.
Printify mockup poll worker is ready and listening to queue.
Triple Whale sync worker is ready and listening to queue.
Triple Whale sync worker is ready and listening to queue.
Printify mockup poll worker is ready and listening to queue.
Mockup composite worker is ready and listening to queue.
Triple Whale sync worker is ready and listening to queue.
Mockup composite worker is ready and listening to queue.
Printify mockup poll worker is ready and listening to queue.
Triple Whale sync worker is ready and listening to queue.
Mockup composite worker is ready and listening to queue.
Mockup composite worker is ready and listening to queue.
Triple Whale sync worker is ready and listening to queue.
Printify mockup poll worker is ready and listening to queue.
Mockup composite worker is ready and listening to queue.
Mockup composite worker is ready and listening to queue.
Mockup composite worker is ready and listening to queue.
Printify mockup poll worker is ready and listening to queue.
Mockup composite worker is ready and listening to queue.
Mockup composite worker is ready and listening to queue.
Printify mockup poll worker is ready and listening to queue.
Mockup composite worker is ready and listening to queue.
Printify mockup poll worker is ready and listening to queue.
Printify mockup poll worker is ready and listening to queue.
Triple Whale sync worker is ready and listening to queue.
Mockup composite worker is ready and listening to queue.
Printify mockup poll worker is ready and listening to queue.
Mockup composite worker is ready and listening to queue.
Printify mockup poll worker is ready and listening to queue.
Triple Whale sync worker is ready and listening to queue.
Mockup composite worker is ready and listening to queue.
Printify mockup poll worker is ready and listening to queue.
Triple Whale sync worker is ready and listening to queue.
Printify mockup poll worker is ready and listening to queue.
Triple Whale sync worker is ready and listening to queue.
Mockup composite worker is ready and listening to queue.
Mockup composite worker is ready and listening to queue.
Printify mockup poll worker is ready and listening to queue.
Triple Whale sync worker is ready and listening to queue.
Printify mockup poll worker is ready and listening to queue.
Error: connect ETIMEDOUT
    at Socket.<anonymous> (/Users/tuyen.tq/Documents/freelancer/vietminhglobal/app/node_modules/.pnpm/ioredis@5.10.1/node_modules/ioredis/built/Redis.js:171:41)
    at Object.onceWrapper (node:events:633:28)
    at Socket.emit (node:events:519:28)
    at Socket._onTimeout (node:net:604:8)
    at listOnTimeout (node:internal/timers:585:17)
    at process.processTimers (node:internal/timers:521:7) {
  errorno: 'ETIMEDOUT',
  code: 'ETIMEDOUT',
  syscall: 'connect'
}
Printify mockup poll worker is ready and listening to queue.
Mockup composite worker is ready and listening to queue.
Triple Whale sync worker is ready and listening to queue.
Printify mockup poll worker is ready and listening to queue.
Mockup composite worker is ready and listening to queue.
Mockup composite worker is ready and listening to queue.
Printify mockup poll worker is ready and listening to queue.
Mockup composite worker is ready and listening to queue.
Triple Whale sync worker is ready and listening to queue.
Printify mockup poll worker is ready and listening to queue.
Mockup composite worker is ready and listening to queue.
Triple Whale sync worker is ready and listening to queue.
Triple Whale sync worker is ready and listening to queue.
Mockup composite worker is ready and listening to queue.
Triple Whale sync worker is ready and listening to queue.
Mockup composite worker is ready and listening to queue.
Mockup composite worker is ready and listening to queue.
Triple Whale sync worker is ready and listening to queue.
Printify mockup poll worker is ready and listening to queue.
Printify mockup poll worker is ready and listening to queue.
Printify mockup poll worker is ready and listening to queue.
Triple Whale sync worker is ready and listening to queue.
Mockup composite worker is ready and listening to queue.
Mockup composite worker is ready and listening to queue.
Triple Whale sync worker is ready and listening to queue.
Triple Whale sync worker is ready and listening to queue.
Error: connect ETIMEDOUT
    at Socket.<anonymous> (/Users/tuyen.tq/Documents/freelancer/vietminhglobal/app/node_modules/.pnpm/ioredis@5.10.1/node_modules/ioredis/built/Redis.js:171:41)
    at Object.onceWrapper (node:events:633:28)
    at Socket.emit (node:events:519:28)
    at Socket._onTimeout (node:net:604:8)
    at listOnTimeout (node:internal/timers:585:17)
    at process.processTimers (node:internal/timers:521:7) {
  errorno: 'ETIMEDOUT',
  code: 'ETIMEDOUT',
  syscall: 'connect'
}
Triple Whale sync worker is ready and listening to queue.
Mockup composite worker is ready and listening to queue.
Triple Whale sync worker is ready and listening to queue.
Printify mockup poll worker is ready and listening to queue.
Mockup composite worker is ready and listening to queue.
Printify mockup poll worker is ready and listening to queue.
Mockup composite worker is ready and listening to queue.
Printify mockup poll worker is ready and listening to queue.
Triple Whale sync worker is ready and listening to queue.
Mockup composite worker is ready and listening to queue.
Triple Whale sync worker is ready and listening to queue.
Printify mockup poll worker is ready and listening to queue.
Mockup composite worker is ready and listening to queue.
Printify mockup poll worker is ready and listening to queue.
Mockup composite worker is ready and listening to queue.
Printify mockup poll worker is ready and listening to queue.
Printify mockup poll worker is ready and listening to queue.
Mockup composite worker is ready and listening to queue.
Mockup composite worker is ready and listening to queue.
Triple Whale sync worker is ready and listening to queue.
Mockup composite worker is ready and listening to queue.
Triple Whale sync worker is ready and listening to queue.
Triple Whale sync worker is ready and listening to queue.
Mockup composite worker is ready and listening to queue.
Triple Whale sync worker is ready and listening to queue.
Printify mockup poll worker is ready and listening to queue.
Triple Whale sync worker is ready and listening to queue.
Printify mockup poll worker is ready and listening to queue.
Mockup composite worker is ready and listening to queue.
Mockup composite worker is ready and listening to queue.
Triple Whale sync worker is ready and listening to queue.
Printify mockup poll worker is ready and listening to queue.
Printify mockup poll worker is ready and listening to queue.
Triple Whale sync worker is ready and listening to queue.
Mockup composite worker is ready and listening to queue.
Printify mockup poll worker is ready and listening to queue.
Triple Whale sync worker is ready and listening to queue.
Mockup composite worker is ready and listening to queue.
Triple Whale sync worker is ready and listening to queue.
Mockup composite worker is ready and listening to queue.
Printify mockup poll worker is ready and listening to queue.
Mockup composite worker is ready and listening to queue.
Triple Whale sync worker is ready and listening to queue.
Mockup composite worker is ready and listening to queue.
Printify mockup poll worker is ready and listening to queue.
Triple Whale sync worker is ready and listening to queue.
Printify mockup poll worker is ready and listening to queue.
Mockup composite worker is ready and listening to queue.
Printify mockup poll worker is ready and listening to queue.
Mockup composite worker is ready and listening to queue.
Printify mockup poll worker is ready and listening to queue.
Printify mockup poll worker is ready and listening to queue.
Mockup composite worker is ready and listening to queue.
Printify mockup poll worker is ready and listening to queue.
Triple Whale sync worker is ready and listening to queue.
Mockup composite worker is ready and listening to queue.
Triple Whale sync worker is ready and listening to queue.
Triple Whale sync worker is ready and listening to queue.
Mockup composite worker is ready and listening to queue.
Printify mockup poll worker is ready and listening to queue.
Mockup composite worker is ready and listening to queue.
Triple Whale sync worker is ready and listening to queue.
Mockup composite worker is ready and listening to queue.
Triple Whale sync worker is ready and listening to queue.
Printify mockup poll worker is ready and listening to queue.
Mockup composite worker is ready and listening to queue.
Triple Whale sync worker is ready and listening to queue.
Printify mockup poll worker is ready and listening to queue.
Mockup composite worker is ready and listening to queue.
Printify mockup poll worker is ready and listening to queue.
Triple Whale sync worker is ready and listening to queue.
Printify mockup poll worker is ready and listening to queue.
Triple Whale sync worker is ready and listening to queue.
Printify mockup poll worker is ready and listening to queue.
Printify mockup poll worker is ready and listening to queue.
Triple Whale sync worker is ready and listening to queue.
Triple Whale sync worker is ready and listening to queue.
Printify mockup poll worker is ready and listening to queue.
Printify mockup poll worker is ready and listening to queue.
Triple Whale sync worker is ready and listening to queue.
Mockup composite worker is ready and listening to queue.
Printify mockup poll worker is ready and listening to queue.
Printify mockup poll worker is ready and listening to queue.
Mockup composite worker is ready and listening to queue.
Mockup composite worker is ready and listening to queue.
Printify mockup poll worker is ready and listening to queue.
Mockup composite worker is ready and listening to queue.
Triple Whale sync worker is ready and listening to queue.
Triple Whale sync worker is ready and listening to queue.
Triple Whale sync worker is ready and listening to queue.
Printify mockup poll worker is ready and listening to queue.
Triple Whale sync worker is ready and listening to queue.
Printify mockup poll worker is ready and listening to queue.
Mockup composite worker is ready and listening to queue.
Triple Whale sync worker is ready and listening to queue.
Mockup composite worker is ready and listening to queue.
Mockup composite worker is ready and listening to queue.
Printify mockup poll worker is ready and listening to queue.
Triple Whale sync worker is ready and listening to queue.
Triple Whale sync worker is ready and listening to queue.
Triple Whale sync worker is ready and listening to queue.
Mockup composite worker is ready and listening to queue.
Printify mockup poll worker is ready and listening to queue.
Printify mockup poll worker is ready and listening to queue.
Mockup composite worker is ready and listening to queue.
Triple Whale sync worker is ready and listening to queue.
Mockup composite worker is ready and listening to queue.
Printify mockup poll worker is ready and listening to queue.
Triple Whale sync worker is ready and listening to queue.
Printify mockup poll worker is ready and listening to queue.
Mockup composite worker is ready and listening to queue.
Mockup composite worker is ready and listening to queue.
Triple Whale sync worker is ready and listening to queue.
Printify mockup poll worker is ready and listening to queue.
Triple Whale sync worker is ready and listening to queue.
Mockup composite worker is ready and listening to queue.
Printify mockup poll worker is ready and listening to queue.
Triple Whale sync worker is ready and listening to queue.
Mockup composite worker is ready and listening to queue.
Printify mockup poll worker is ready and listening to queue.
Triple Whale sync worker is ready and listening to queue.
Mockup composite worker is ready and listening to queue.
Printify mockup poll worker is ready and listening to queue.
Triple Whale sync worker is ready and listening to queue.
Mockup composite worker is ready and listening to queue.
Printify mockup poll worker is ready and listening to queue.
Printify mockup poll worker is ready and listening to queue.
Triple Whale sync worker is ready and listening to queue.
Mockup composite worker is ready and listening to queue.
Printify mockup poll worker is ready and listening to queue.
Mockup composite worker is ready and listening to queue.
Printify mockup poll worker is ready and listening to queue.
Mockup composite worker is ready and listening to queue.
Mockup composite worker is ready and listening to queue.
Printify mockup poll worker is ready and listening to queue.
Triple Whale sync worker is ready and listening to queue.
Triple Whale sync worker is ready and listening to queue.
Mockup composite worker is ready and listening to queue.
Mockup composite worker is ready and listening to queue.
Printify mockup poll worker is ready and listening to queue.
Mockup composite worker is ready and listening to queue.
Triple Whale sync worker is ready and listening to queue.
Mockup composite worker is ready and listening to queue.
Printify mockup poll worker is ready and listening to queue.
Mockup composite worker is ready and listening to queue.
